#
# A fatal error has been detected by the Java Runtime Environment:
#
#  EXCEPTION_ACCESS_VIOLATION (0xc0000005) at pc=0x0000000000000000, pid=4644, tid=8052
#
# JRE version: OpenJDK Runtime Environment Temurin-11.0.12+7 (11.0.12+7) (build 11.0.12+7)
# Java VM: OpenJDK 64-Bit Server VM Temurin-11.0.12+7 (11.0.12+7, mixed mode, tiered, compressed oops, g1 gc, windows-amd64)
# Problematic frame:
# C  0x0000000000000000
#
# No core dump will be written. Minidumps are not enabled by default on client versions of Windows
#
# If you would like to submit a bug report, please visit:
#   https://github.com/adoptium/adoptium-support/issues
#

---------------  S U M M A R Y ------------

Command Line: -agentlib:jdwp=transport=dt_socket,address=127.0.0.1:4102,suspend=y,server=n -javaagent:C:\Users\MorrisBrandt\AppData\Local\JetBrains\IdeaIC2021.2\captureAgent\debugger-agent.jar=file:/C:/Users/MorrisBrandt/AppData/Local/Temp/capture.props -Dfile.encoding=UTF-8 de.morrisbr.witzlecraft.main.Main

Host: AMD A8-6600K APU with Radeon(tm) HD Graphics   , 4 cores, 15G,  Windows 7 , 64 bit Build 7601 (6.1.7601.24545)
Time: Thu Aug 26 18:03:39 2021 Mitteleuropäische Sommerzeit elapsed time: 88.666233 seconds (0d 0h 1m 28s)

---------------  T H R E A D  ---------------

Current thread (0x00000000297ae800):  JavaThread "qtp1487500813-24" [_thread_in_Java, id=8052, stack(0x000000002b280000,0x000000002b380000)]

Stack: [0x000000002b280000,0x000000002b380000],  sp=0x000000002b37d620,  free space=1013k
Native frames: (J=compiled Java code, j=interpreted, Vv=VM code, C=native code)


siginfo: EXCEPTION_ACCESS_VIOLATION (0xc0000005), data execution prevention violation at address 0x0000000000000000


Register to memory mapping:

RIP=0x0 is NULL
RAX=0x0 is NULL
RBX={method} {0x0000000026a0e388} 'getName' '()Ljava/lang/String;' in 'de/morrisbr/verify/network/objects/EventPlayer'
RCX=0x00000007192ad388 is an oop: de.morrisbr.witzlecraft.network.objects.EventPlayer 
{0x00000007192ad388} - klass: 'de/morrisbr/witzlecraft/network/objects/EventPlayer'
RDX=0x0000000080100001 is an unknown value
RSP=0x000000002b37d620 is pointing into the stack for thread: 0x00000000297ae800
RBP=0x000000002b37d690 is pointing into the stack for thread: 0x00000000297ae800
RSI=0x0 is NULL
RDI=0x0000000800001808 is a pointer to class: 
java.lang.String {0x0000000800001810}
R8 =0x0000000000000008 is an unknown value
R9 =0x0000000000000004 is an unknown value
R10=0x000007fec9e51be0 jvm.dll
R11={method} {0x0000000026a0e388} 'getName' '()Ljava/lang/String;' in 'de/morrisbr/verify/network/objects/EventPlayer'
R12=0x0 is NULL
R13=0x000000002b37d628 is pointing into the stack for thread: 0x00000000297ae800
R14=0x000000002b37d6b8 is pointing into the stack for thread: 0x00000000297ae800
R15=0x00000000297ae800 is a thread


Registers:
RAX=0x0000000000000000, RBX=0x0000000026a0e380, RCX=0x00000007192ad388, RDX=0x0000000080100001
RSP=0x000000002b37d620, RBP=0x000000002b37d690, RSI=0x0000000000000000, RDI=0x0000000800001808
R8 =0x0000000000000008, R9 =0x0000000000000004, R10=0x000007fec9e51be0, R11=0x0000000026a0e380
R12=0x0000000000000000, R13=0x000000002b37d628, R14=0x000000002b37d6b8, R15=0x00000000297ae800
RIP=0x0000000000000000, EFLAGS=0x0000000000010202

Top of Stack: (sp=0x000000002b37d620)
0x000000002b37d620:   000000000ae9cc10 00000007192ad388
0x000000002b37d630:   000000071b1d7158 000000071b1d7148
0x000000002b37d640:   000000071b1d7148 000000002b37d648
0x000000002b37d650:   000000002d887157 000000002b37d6b8
0x000000002b37d660:   000000002d887720 0000000000000000
0x000000002b37d670:   000000071b2befb8 000000002d8871d0
0x000000002b37d680:   000000002b37d628 000000002b37d6a8
0x000000002b37d690:   000000002b37d708 000000000ae9d0fd
0x000000002b37d6a0:   0000000000000000 000000071b2cbb10
0x000000002b37d6b0:   00000007192ad388 000000071b2bf108
0x000000002b37d6c0:   000000002b37d6c0 00000000267e3a4d
0x000000002b37d6d0:   000000002b37d730 00000000267e5730
0x000000002b37d6e0:   0000000000000000 000000070d24a1e8
0x000000002b37d6f0:   00000000267e3ad8 000000002b37d6a8
0x000000002b37d700:   000000002b37d730 000000002b37d780
0x000000002b37d710:   000000000ae9d0fd 0000000000000000 

Instructions: (pc=0x0000000000000000)
0xffffffffffffff00:   


Stack slot to memory mapping:
stack at sp + 0 slots: 0x000000000ae9cc10 is at code_begin+6320 in an Interpreter codelet
invoke return entry points  [0x000000000ae9b360, 0x000000000ae9d420]  8384 bytes
stack at sp + 1 slots: 0x00000007192ad388 is an oop: de.morrisbr.witzlecraft.network.objects.EventPlayer 
{0x00000007192ad388} - klass: 'de/morrisbr/witzlecraft/network/objects/EventPlayer'
stack at sp + 2 slots: 0x000000071b1d7158 is an oop: java.lang.String 
{0x000000071b1d7158} - klass: 'java/lang/String'
stack at sp + 3 slots: 0x000000071b1d7148 is an oop: org.bson.Document 
{0x000000071b1d7148} - klass: 'org/bson/Document'
stack at sp + 4 slots: 0x000000071b1d7148 is an oop: org.bson.Document 
{0x000000071b1d7148} - klass: 'org/bson/Document'
stack at sp + 5 slots: 0x000000002b37d648 is pointing into the stack for thread: 0x00000000297ae800
stack at sp + 6 slots: 0x000000002d887157 is pointing into metadata
stack at sp + 7 slots: 0x000000002b37d6b8 is pointing into the stack for thread: 0x00000000297ae800


---------------  P R O C E S S  ---------------

Threads class SMR info:
_java_thread_list=0x000000002953dbd0, length=25, elements={
0x000000002620a800, 0x0000000026216800, 0x0000000026223000, 0x0000000026227000,
0x0000000026228000, 0x000000002622c000, 0x0000000027064000, 0x0000000027065000,
0x0000000026182800, 0x0000000027218000, 0x00000000271ef000, 0x00000000271f1000,
0x00000000286c2800, 0x0000000029772000, 0x000000002970d000, 0x0000000029636800,
0x0000000029637000, 0x0000000029638000, 0x00000000297a8000, 0x00000000297aa800,
0x00000000297ae800, 0x00000000297af000, 0x00000000297b0000, 0x00000000297b1000,
0x00000000297b1800
}

Java Threads: ( => current thread )
  0x000000002620a800 JavaThread "Reference Handler" daemon [_thread_blocked, id=6548, stack(0x0000000026db0000,0x0000000026eb0000)]
  0x0000000026216800 JavaThread "Finalizer" daemon [_thread_blocked, id=7516, stack(0x0000000026f00000,0x0000000027000000)]
  0x0000000026223000 JavaThread "Signal Dispatcher" daemon [_thread_blocked, id=9184, stack(0x00000000274f0000,0x00000000275f0000)]
  0x0000000026227000 JavaThread "Attach Listener" daemon [_thread_blocked, id=8108, stack(0x0000000027740000,0x0000000027840000)]
  0x0000000026228000 JavaThread "Service Thread" daemon [_thread_blocked, id=8628, stack(0x0000000027610000,0x0000000027710000)]
  0x000000002622c000 JavaThread "C2 CompilerThread0" daemon [_thread_blocked, id=5056, stack(0x0000000027920000,0x0000000027a20000)]
  0x0000000027064000 JavaThread "C1 CompilerThread0" daemon [_thread_blocked, id=8604, stack(0x0000000027b20000,0x0000000027c20000)]
  0x0000000027065000 JavaThread "Sweeper thread" daemon [_thread_blocked, id=7468, stack(0x0000000027d70000,0x0000000027e70000)]
  0x0000000026182800 JavaThread "Common-Cleaner" daemon [_thread_blocked, id=752, stack(0x0000000026cb0000,0x0000000026db0000)]
  0x0000000027218000 JavaThread "JDWP Transport Listener: dt_socket" daemon [_thread_blocked, id=8836, stack(0x0000000027f50000,0x0000000028050000)]
  0x00000000271ef000 JavaThread "JDWP Event Helper Thread" daemon [_thread_blocked, id=7600, stack(0x0000000027c30000,0x0000000027d30000)]
  0x00000000271f1000 JavaThread "JDWP Command Reader" daemon [_thread_in_native, id=8292, stack(0x0000000028170000,0x0000000028270000)]
  0x00000000286c2800 JavaThread "Server" [_thread_in_native, id=7440, stack(0x0000000028050000,0x0000000028150000)]
  0x0000000029772000 JavaThread "qtp1487500813-17" [_thread_blocked, id=4576, stack(0x000000002aae0000,0x000000002abe0000)]
  0x000000002970d000 JavaThread "qtp1487500813-18" [_thread_blocked, id=9052, stack(0x000000002ad40000,0x000000002ae40000)]
  0x0000000029636800 JavaThread "qtp1487500813-19" [_thread_in_native, id=9128, stack(0x000000002aec0000,0x000000002afc0000)]
  0x0000000029637000 JavaThread "qtp1487500813-20" [_thread_blocked, id=7824, stack(0x000000002b010000,0x000000002b110000)]
  0x0000000029638000 JavaThread "qtp1487500813-21" [_thread_blocked, id=8960, stack(0x000000002a9c0000,0x000000002aac0000)]
  0x00000000297a8000 JavaThread "qtp1487500813-22-acceptor-0@3d203121-ServerConnector@2e222612{HTTP/1.1, (http/1.1)}{0.0.0.0:80}" [_thread_in_native, id=8708, stack(0x000000002b160000,0x000000002b260000)]
  0x00000000297aa800 JavaThread "qtp1487500813-23" [_thread_in_native, id=7916, stack(0x000000002b380000,0x000000002b480000)]
=>0x00000000297ae800 JavaThread "qtp1487500813-24" [_thread_in_Java, id=8052, stack(0x000000002b280000,0x000000002b380000)]
  0x00000000297af000 JavaThread "Scheduler-454305524-1" [_thread_blocked, id=7684, stack(0x000000002b490000,0x000000002b590000)]
  0x00000000297b0000 JavaThread "Session-HouseKeeper-54e1c68b-1" [_thread_blocked, id=9024, stack(0x0000000027a20000,0x0000000027b20000)]
  0x00000000297b1000 JavaThread "DestroyJavaVM" [_thread_blocked, id=8540, stack(0x0000000002130000,0x0000000002230000)]
  0x00000000297b1800 JavaThread "Connector-Scheduler-2e222612-1" [_thread_blocked, id=1716, stack(0x000000002a6a0000,0x000000002a7a0000)]

Other Threads:
  0x00000000261c7000 VMThread "VM Thread" [stack: 0x0000000026b60000,0x0000000026c60000] [id=8196]
  0x00000000284e7000 WatcherThread [stack: 0x0000000028d50000,0x0000000028e50000] [id=9116]
  0x000000000012f000 GCTaskThread "GC Thread#0" [stack: 0x000000001a0e0000,0x000000001a1e0000] [id=5012]
  0x00000000286d9000 GCTaskThread "GC Thread#1" [stack: 0x0000000029160000,0x0000000029260000] [id=9152]
  0x00000000286d9800 GCTaskThread "GC Thread#2" [stack: 0x0000000029340000,0x0000000029440000] [id=4984]
  0x00000000286da800 GCTaskThread "GC Thread#3" [stack: 0x0000000028a70000,0x0000000028b70000] [id=5524]
  0x0000000000187000 ConcurrentGCThread "G1 Main Marker" [stack: 0x0000000023620000,0x0000000023720000] [id=4952]
  0x0000000000188800 ConcurrentGCThread "G1 Conc#0" [stack: 0x0000000023740000,0x0000000023840000] [id=2012]
  0x0000000025b56000 ConcurrentGCThread "G1 Refine#0" [stack: 0x0000000025f30000,0x0000000026030000] [id=1912]
  0x0000000025b59800 ConcurrentGCThread "G1 Young RemSet Sampling" [stack: 0x0000000025df0000,0x0000000025ef0000] [id=8756]

Threads with active compile tasks:

VM state:not at safepoint (normal execution)

VM Mutex/Monitor currently owned by a thread: None

Heap address: 0x000000070ce00000, size: 3890 MB, Compressed Oops mode: Zero based, Oop shift amount: 3
Narrow klass base: 0x0000000800000000, Narrow klass shift: 0
Compressed class space size: 1073741824 Address: 0x0000000800000000

Heap:
 garbage-first heap   total 249856K, used 38959K [0x000000070ce00000, 0x0000000800000000)
  region size 1024K, 23 young (23552K), 6 survivors (6144K)
 Metaspace       used 27774K, capacity 28239K, committed 28544K, reserved 1075200K
  class space    used 2925K, capacity 3118K, committed 3200K, reserved 1048576K
Heap Regions: E=young(eden), S=young(survivor), O=old, HS=humongous(starts), HC=humongous(continues), CS=collection set, F=free, A=archive, TAMS=top-at-mark-start (previous, next)
|   0|0x000000070ce00000, 0x000000070cf00000, 0x000000070cf00000|100%|HS|  |TAMS 0x000000070cf00000, 0x000000070ce00000| Complete 
|   1|0x000000070cf00000, 0x000000070d000000, 0x000000070d000000|100%|HC|  |TAMS 0x000000070d000000, 0x000000070cf00000| Complete 
|   2|0x000000070d000000, 0x000000070d100000, 0x000000070d100000|100%|HC|  |TAMS 0x000000070d100000, 0x000000070d000000| Complete 
|   3|0x000000070d100000, 0x000000070d200000, 0x000000070d200000|100%| O|  |TAMS 0x000000070d200000, 0x000000070d100000| Untracked 
|   4|0x000000070d200000, 0x000000070d300000, 0x000000070d300000|100%| O|  |TAMS 0x000000070d244000, 0x000000070d200000| Untracked 
|   5|0x000000070d300000, 0x000000070d400000, 0x000000070d400000|100%|HS|  |TAMS 0x000000070d300000, 0x000000070d300000| Complete 
|   6|0x000000070d400000, 0x000000070d500000, 0x000000070d500000|100%|HC|  |TAMS 0x000000070d400000, 0x000000070d400000| Complete 
|   7|0x000000070d500000, 0x000000070d600000, 0x000000070d600000|100%|HC|  |TAMS 0x000000070d500000, 0x000000070d500000| Complete 
|   8|0x000000070d600000, 0x000000070d700000, 0x000000070d700000|100%| O|  |TAMS 0x000000070d600000, 0x000000070d600000| Untracked 
|   9|0x000000070d700000, 0x000000070d800000, 0x000000070d800000|100%| O|  |TAMS 0x000000070d700000, 0x000000070d700000| Untracked 
|  10|0x000000070d800000, 0x000000070d900000, 0x000000070d900000|100%| O|  |TAMS 0x000000070d800000, 0x000000070d800000| Untracked 
|  11|0x000000070d900000, 0x000000070da00000, 0x000000070da00000|100%| O|  |TAMS 0x000000070d900000, 0x000000070d900000| Untracked 
|  12|0x000000070da00000, 0x000000070db00000, 0x000000070db00000|100%| O|  |TAMS 0x000000070da00000, 0x000000070da00000| Untracked 
|  13|0x000000070db00000, 0x000000070dc00000, 0x000000070dc00000|100%| O|  |TAMS 0x000000070db00000, 0x000000070db00000| Untracked 
|  14|0x000000070dc00000, 0x000000070dd00000, 0x000000070dd00000|100%| O|  |TAMS 0x000000070dc00000, 0x000000070dc00000| Untracked 
|  15|0x000000070dd00000, 0x000000070de00000, 0x000000070de00000|100%| O|  |TAMS 0x000000070dd00000, 0x000000070dd00000| Untracked 
|  16|0x000000070de00000, 0x000000070de0bc00, 0x000000070df00000|  4%| O|  |TAMS 0x000000070de00000, 0x000000070de00000| Untracked 
|  17|0x000000070df00000, 0x000000070df00000, 0x000000070e000000|  0%| F|  |TAMS 0x000000070df00000, 0x000000070df00000| Untracked 
|  18|0x000000070e000000, 0x000000070e000000, 0x000000070e100000|  0%| F|  |TAMS 0x000000070e000000, 0x000000070e000000| Untracked 
|  19|0x000000070e100000, 0x000000070e100000, 0x000000070e200000|  0%| F|  |TAMS 0x000000070e100000, 0x000000070e100000| Untracked 
|  20|0x000000070e200000, 0x000000070e200000, 0x000000070e300000|  0%| F|  |TAMS 0x000000070e200000, 0x000000070e200000| Untracked 
|  21|0x000000070e300000, 0x000000070e300000, 0x000000070e400000|  0%| F|  |TAMS 0x000000070e300000, 0x000000070e300000| Untracked 
|  22|0x000000070e400000, 0x000000070e400000, 0x000000070e500000|  0%| F|  |TAMS 0x000000070e400000, 0x000000070e400000| Untracked 
|  23|0x000000070e500000, 0x000000070e500000, 0x000000070e600000|  0%| F|  |TAMS 0x000000070e500000, 0x000000070e500000| Untracked 
|  24|0x000000070e600000, 0x000000070e600000, 0x000000070e700000|  0%| F|  |TAMS 0x000000070e600000, 0x000000070e600000| Untracked 
|  25|0x000000070e700000, 0x000000070e700000, 0x000000070e800000|  0%| F|  |TAMS 0x000000070e700000, 0x000000070e700000| Untracked 
|  26|0x000000070e800000, 0x000000070e800000, 0x000000070e900000|  0%| F|  |TAMS 0x000000070e800000, 0x000000070e800000| Untracked 
|  27|0x000000070e900000, 0x000000070e900000, 0x000000070ea00000|  0%| F|  |TAMS 0x000000070e900000, 0x000000070e900000| Untracked 
|  28|0x000000070ea00000, 0x000000070ea00000, 0x000000070eb00000|  0%| F|  |TAMS 0x000000070ea00000, 0x000000070ea00000| Untracked 
|  29|0x000000070eb00000, 0x000000070eb00000, 0x000000070ec00000|  0%| F|  |TAMS 0x000000070eb00000, 0x000000070eb00000| Untracked 
|  30|0x000000070ec00000, 0x000000070ec00000, 0x000000070ed00000|  0%| F|  |TAMS 0x000000070ec00000, 0x000000070ec00000| Untracked 
|  31|0x000000070ed00000, 0x000000070ed00000, 0x000000070ee00000|  0%| F|  |TAMS 0x000000070ed00000, 0x000000070ed00000| Untracked 
|  32|0x000000070ee00000, 0x000000070ee00000, 0x000000070ef00000|  0%| F|  |TAMS 0x000000070ee00000, 0x000000070ee00000| Untracked 
|  33|0x000000070ef00000, 0x000000070ef00000, 0x000000070f000000|  0%| F|  |TAMS 0x000000070ef00000, 0x000000070ef00000| Untracked 
|  34|0x000000070f000000, 0x000000070f000000, 0x000000070f100000|  0%| F|  |TAMS 0x000000070f000000, 0x000000070f000000| Untracked 
|  35|0x000000070f100000, 0x000000070f100000, 0x000000070f200000|  0%| F|  |TAMS 0x000000070f100000, 0x000000070f100000| Untracked 
|  36|0x000000070f200000, 0x000000070f200000, 0x000000070f300000|  0%| F|  |TAMS 0x000000070f200000, 0x000000070f200000| Untracked 
|  37|0x000000070f300000, 0x000000070f300000, 0x000000070f400000|  0%| F|  |TAMS 0x000000070f300000, 0x000000070f300000| Untracked 
|  38|0x000000070f400000, 0x000000070f400000, 0x000000070f500000|  0%| F|  |TAMS 0x000000070f400000, 0x000000070f400000| Untracked 
|  39|0x000000070f500000, 0x000000070f500000, 0x000000070f600000|  0%| F|  |TAMS 0x000000070f500000, 0x000000070f500000| Untracked 
|  40|0x000000070f600000, 0x000000070f600000, 0x000000070f700000|  0%| F|  |TAMS 0x000000070f600000, 0x000000070f600000| Untracked 
|  41|0x000000070f700000, 0x000000070f700000, 0x000000070f800000|  0%| F|  |TAMS 0x000000070f700000, 0x000000070f700000| Untracked 
|  42|0x000000070f800000, 0x000000070f800000, 0x000000070f900000|  0%| F|  |TAMS 0x000000070f800000, 0x000000070f800000| Untracked 
|  43|0x000000070f900000, 0x000000070f900000, 0x000000070fa00000|  0%| F|  |TAMS 0x000000070f900000, 0x000000070f900000| Untracked 
|  44|0x000000070fa00000, 0x000000070fa00000, 0x000000070fb00000|  0%| F|  |TAMS 0x000000070fa00000, 0x000000070fa00000| Untracked 
|  45|0x000000070fb00000, 0x000000070fb00000, 0x000000070fc00000|  0%| F|  |TAMS 0x000000070fb00000, 0x000000070fb00000| Untracked 
|  46|0x000000070fc00000, 0x000000070fc00000, 0x000000070fd00000|  0%| F|  |TAMS 0x000000070fc00000, 0x000000070fc00000| Untracked 
|  47|0x000000070fd00000, 0x000000070fd00000, 0x000000070fe00000|  0%| F|  |TAMS 0x000000070fd00000, 0x000000070fd00000| Untracked 
|  48|0x000000070fe00000, 0x000000070fe00000, 0x000000070ff00000|  0%| F|  |TAMS 0x000000070fe00000, 0x000000070fe00000| Untracked 
|  49|0x000000070ff00000, 0x000000070ff00000, 0x0000000710000000|  0%| F|  |TAMS 0x000000070ff00000, 0x000000070ff00000| Untracked 
|  50|0x0000000710000000, 0x0000000710000000, 0x0000000710100000|  0%| F|  |TAMS 0x0000000710000000, 0x0000000710000000| Untracked 
|  51|0x0000000710100000, 0x0000000710100000, 0x0000000710200000|  0%| F|  |TAMS 0x0000000710100000, 0x0000000710100000| Untracked 
|  52|0x0000000710200000, 0x0000000710200000, 0x0000000710300000|  0%| F|  |TAMS 0x0000000710200000, 0x0000000710200000| Untracked 
|  53|0x0000000710300000, 0x0000000710300000, 0x0000000710400000|  0%| F|  |TAMS 0x0000000710300000, 0x0000000710300000| Untracked 
|  54|0x0000000710400000, 0x0000000710400000, 0x0000000710500000|  0%| F|  |TAMS 0x0000000710400000, 0x0000000710400000| Untracked 
|  55|0x0000000710500000, 0x0000000710500000, 0x0000000710600000|  0%| F|  |TAMS 0x0000000710500000, 0x0000000710500000| Untracked 
|  56|0x0000000710600000, 0x0000000710600000, 0x0000000710700000|  0%| F|  |TAMS 0x0000000710600000, 0x0000000710600000| Untracked 
|  57|0x0000000710700000, 0x0000000710700000, 0x0000000710800000|  0%| F|  |TAMS 0x0000000710700000, 0x0000000710700000| Untracked 
|  58|0x0000000710800000, 0x0000000710800000, 0x0000000710900000|  0%| F|  |TAMS 0x0000000710800000, 0x0000000710800000| Untracked 
|  59|0x0000000710900000, 0x0000000710900000, 0x0000000710a00000|  0%| F|  |TAMS 0x0000000710900000, 0x0000000710900000| Untracked 
|  60|0x0000000710a00000, 0x0000000710a00000, 0x0000000710b00000|  0%| F|  |TAMS 0x0000000710a00000, 0x0000000710a00000| Untracked 
|  61|0x0000000710b00000, 0x0000000710b00000, 0x0000000710c00000|  0%| F|  |TAMS 0x0000000710b00000, 0x0000000710b00000| Untracked 
|  62|0x0000000710c00000, 0x0000000710c00000, 0x0000000710d00000|  0%| F|  |TAMS 0x0000000710c00000, 0x0000000710c00000| Untracked 
|  63|0x0000000710d00000, 0x0000000710d00000, 0x0000000710e00000|  0%| F|  |TAMS 0x0000000710d00000, 0x0000000710d00000| Untracked 
|  64|0x0000000710e00000, 0x0000000710e00000, 0x0000000710f00000|  0%| F|  |TAMS 0x0000000710e00000, 0x0000000710e00000| Untracked 
|  65|0x0000000710f00000, 0x0000000710f00000, 0x0000000711000000|  0%| F|  |TAMS 0x0000000710f00000, 0x0000000710f00000| Untracked 
|  66|0x0000000711000000, 0x0000000711000000, 0x0000000711100000|  0%| F|  |TAMS 0x0000000711000000, 0x0000000711000000| Untracked 
|  67|0x0000000711100000, 0x0000000711100000, 0x0000000711200000|  0%| F|  |TAMS 0x0000000711100000, 0x0000000711100000| Untracked 
|  68|0x0000000711200000, 0x0000000711200000, 0x0000000711300000|  0%| F|  |TAMS 0x0000000711200000, 0x0000000711200000| Untracked 
|  69|0x0000000711300000, 0x0000000711300000, 0x0000000711400000|  0%| F|  |TAMS 0x0000000711300000, 0x0000000711300000| Untracked 
|  70|0x0000000711400000, 0x0000000711400000, 0x0000000711500000|  0%| F|  |TAMS 0x0000000711400000, 0x0000000711400000| Untracked 
|  71|0x0000000711500000, 0x0000000711500000, 0x0000000711600000|  0%| F|  |TAMS 0x0000000711500000, 0x0000000711500000| Untracked 
|  72|0x0000000711600000, 0x0000000711600000, 0x0000000711700000|  0%| F|  |TAMS 0x0000000711600000, 0x0000000711600000| Untracked 
|  73|0x0000000711700000, 0x0000000711700000, 0x0000000711800000|  0%| F|  |TAMS 0x0000000711700000, 0x0000000711700000| Untracked 
|  74|0x0000000711800000, 0x0000000711800000, 0x0000000711900000|  0%| F|  |TAMS 0x0000000711800000, 0x0000000711800000| Untracked 
|  75|0x0000000711900000, 0x0000000711900000, 0x0000000711a00000|  0%| F|  |TAMS 0x0000000711900000, 0x0000000711900000| Untracked 
|  76|0x0000000711a00000, 0x0000000711a00000, 0x0000000711b00000|  0%| F|  |TAMS 0x0000000711a00000, 0x0000000711a00000| Untracked 
|  77|0x0000000711b00000, 0x0000000711b00000, 0x0000000711c00000|  0%| F|  |TAMS 0x0000000711b00000, 0x0000000711b00000| Untracked 
|  78|0x0000000711c00000, 0x0000000711c00000, 0x0000000711d00000|  0%| F|  |TAMS 0x0000000711c00000, 0x0000000711c00000| Untracked 
|  79|0x0000000711d00000, 0x0000000711d00000, 0x0000000711e00000|  0%| F|  |TAMS 0x0000000711d00000, 0x0000000711d00000| Untracked 
|  80|0x0000000711e00000, 0x0000000711e00000, 0x0000000711f00000|  0%| F|  |TAMS 0x0000000711e00000, 0x0000000711e00000| Untracked 
|  81|0x0000000711f00000, 0x0000000711f00000, 0x0000000712000000|  0%| F|  |TAMS 0x0000000711f00000, 0x0000000711f00000| Untracked 
|  82|0x0000000712000000, 0x0000000712000000, 0x0000000712100000|  0%| F|  |TAMS 0x0000000712000000, 0x0000000712000000| Untracked 
|  83|0x0000000712100000, 0x0000000712100000, 0x0000000712200000|  0%| F|  |TAMS 0x0000000712100000, 0x0000000712100000| Untracked 
|  84|0x0000000712200000, 0x0000000712200000, 0x0000000712300000|  0%| F|  |TAMS 0x0000000712200000, 0x0000000712200000| Untracked 
|  85|0x0000000712300000, 0x0000000712300000, 0x0000000712400000|  0%| F|  |TAMS 0x0000000712300000, 0x0000000712300000| Untracked 
|  86|0x0000000712400000, 0x0000000712400000, 0x0000000712500000|  0%| F|  |TAMS 0x0000000712400000, 0x0000000712400000| Untracked 
|  87|0x0000000712500000, 0x0000000712500000, 0x0000000712600000|  0%| F|  |TAMS 0x0000000712500000, 0x0000000712500000| Untracked 
|  88|0x0000000712600000, 0x0000000712600000, 0x0000000712700000|  0%| F|  |TAMS 0x0000000712600000, 0x0000000712600000| Untracked 
|  89|0x0000000712700000, 0x0000000712700000, 0x0000000712800000|  0%| F|  |TAMS 0x0000000712700000, 0x0000000712700000| Untracked 
|  90|0x0000000712800000, 0x0000000712800000, 0x0000000712900000|  0%| F|  |TAMS 0x0000000712800000, 0x0000000712800000| Untracked 
|  91|0x0000000712900000, 0x0000000712900000, 0x0000000712a00000|  0%| F|  |TAMS 0x0000000712900000, 0x0000000712900000| Untracked 
|  92|0x0000000712a00000, 0x0000000712a00000, 0x0000000712b00000|  0%| F|  |TAMS 0x0000000712a00000, 0x0000000712a00000| Untracked 
|  93|0x0000000712b00000, 0x0000000712b00000, 0x0000000712c00000|  0%| F|  |TAMS 0x0000000712b00000, 0x0000000712b00000| Untracked 
|  94|0x0000000712c00000, 0x0000000712c00000, 0x0000000712d00000|  0%| F|  |TAMS 0x0000000712c00000, 0x0000000712c00000| Untracked 
|  95|0x0000000712d00000, 0x0000000712d00000, 0x0000000712e00000|  0%| F|  |TAMS 0x0000000712d00000, 0x0000000712d00000| Untracked 
|  96|0x0000000712e00000, 0x0000000712e00000, 0x0000000712f00000|  0%| F|  |TAMS 0x0000000712e00000, 0x0000000712e00000| Untracked 
|  97|0x0000000712f00000, 0x0000000712f00000, 0x0000000713000000|  0%| F|  |TAMS 0x0000000712f00000, 0x0000000712f00000| Untracked 
|  98|0x0000000713000000, 0x0000000713000000, 0x0000000713100000|  0%| F|  |TAMS 0x0000000713000000, 0x0000000713000000| Untracked 
|  99|0x0000000713100000, 0x0000000713100000, 0x0000000713200000|  0%| F|  |TAMS 0x0000000713100000, 0x0000000713100000| Untracked 
| 100|0x0000000713200000, 0x0000000713200000, 0x0000000713300000|  0%| F|  |TAMS 0x0000000713200000, 0x0000000713200000| Untracked 
| 101|0x0000000713300000, 0x0000000713300000, 0x0000000713400000|  0%| F|  |TAMS 0x0000000713300000, 0x0000000713300000| Untracked 
| 102|0x0000000713400000, 0x0000000713400000, 0x0000000713500000|  0%| F|  |TAMS 0x0000000713400000, 0x0000000713400000| Untracked 
| 103|0x0000000713500000, 0x0000000713500000, 0x0000000713600000|  0%| F|  |TAMS 0x0000000713500000, 0x0000000713500000| Untracked 
| 104|0x0000000713600000, 0x0000000713600000, 0x0000000713700000|  0%| F|  |TAMS 0x0000000713600000, 0x0000000713600000| Untracked 
| 105|0x0000000713700000, 0x0000000713700000, 0x0000000713800000|  0%| F|  |TAMS 0x0000000713700000, 0x0000000713700000| Untracked 
| 106|0x0000000713800000, 0x0000000713800000, 0x0000000713900000|  0%| F|  |TAMS 0x0000000713800000, 0x0000000713800000| Untracked 
| 107|0x0000000713900000, 0x0000000713900000, 0x0000000713a00000|  0%| F|  |TAMS 0x0000000713900000, 0x0000000713900000| Untracked 
| 108|0x0000000713a00000, 0x0000000713a00000, 0x0000000713b00000|  0%| F|  |TAMS 0x0000000713a00000, 0x0000000713a00000| Untracked 
| 109|0x0000000713b00000, 0x0000000713b00000, 0x0000000713c00000|  0%| F|  |TAMS 0x0000000713b00000, 0x0000000713b00000| Untracked 
| 110|0x0000000713c00000, 0x0000000713c00000, 0x0000000713d00000|  0%| F|  |TAMS 0x0000000713c00000, 0x0000000713c00000| Untracked 
| 111|0x0000000713d00000, 0x0000000713d00000, 0x0000000713e00000|  0%| F|  |TAMS 0x0000000713d00000, 0x0000000713d00000| Untracked 
| 112|0x0000000713e00000, 0x0000000713e00000, 0x0000000713f00000|  0%| F|  |TAMS 0x0000000713e00000, 0x0000000713e00000| Untracked 
| 113|0x0000000713f00000, 0x0000000713f00000, 0x0000000714000000|  0%| F|  |TAMS 0x0000000713f00000, 0x0000000713f00000| Untracked 
| 114|0x0000000714000000, 0x0000000714000000, 0x0000000714100000|  0%| F|  |TAMS 0x0000000714000000, 0x0000000714000000| Untracked 
| 115|0x0000000714100000, 0x0000000714100000, 0x0000000714200000|  0%| F|  |TAMS 0x0000000714100000, 0x0000000714100000| Untracked 
| 116|0x0000000714200000, 0x0000000714200000, 0x0000000714300000|  0%| F|  |TAMS 0x0000000714200000, 0x0000000714200000| Untracked 
| 117|0x0000000714300000, 0x0000000714300000, 0x0000000714400000|  0%| F|  |TAMS 0x0000000714300000, 0x0000000714300000| Untracked 
| 118|0x0000000714400000, 0x0000000714400000, 0x0000000714500000|  0%| F|  |TAMS 0x0000000714400000, 0x0000000714400000| Untracked 
| 119|0x0000000714500000, 0x0000000714500000, 0x0000000714600000|  0%| F|  |TAMS 0x0000000714500000, 0x0000000714500000| Untracked 
| 120|0x0000000714600000, 0x0000000714600000, 0x0000000714700000|  0%| F|  |TAMS 0x0000000714600000, 0x0000000714600000| Untracked 
| 121|0x0000000714700000, 0x0000000714700000, 0x0000000714800000|  0%| F|  |TAMS 0x0000000714700000, 0x0000000714700000| Untracked 
| 122|0x0000000714800000, 0x0000000714800000, 0x0000000714900000|  0%| F|  |TAMS 0x0000000714800000, 0x0000000714800000| Untracked 
| 123|0x0000000714900000, 0x0000000714900000, 0x0000000714a00000|  0%| F|  |TAMS 0x0000000714900000, 0x0000000714900000| Untracked 
| 124|0x0000000714a00000, 0x0000000714a00000, 0x0000000714b00000|  0%| F|  |TAMS 0x0000000714a00000, 0x0000000714a00000| Untracked 
| 125|0x0000000714b00000, 0x0000000714b00000, 0x0000000714c00000|  0%| F|  |TAMS 0x0000000714b00000, 0x0000000714b00000| Untracked 
| 126|0x0000000714c00000, 0x0000000714c00000, 0x0000000714d00000|  0%| F|  |TAMS 0x0000000714c00000, 0x0000000714c00000| Untracked 
| 127|0x0000000714d00000, 0x0000000714d00000, 0x0000000714e00000|  0%| F|  |TAMS 0x0000000714d00000, 0x0000000714d00000| Untracked 
| 128|0x0000000714e00000, 0x0000000714e00000, 0x0000000714f00000|  0%| F|  |TAMS 0x0000000714e00000, 0x0000000714e00000| Untracked 
| 129|0x0000000714f00000, 0x0000000714f00000, 0x0000000715000000|  0%| F|  |TAMS 0x0000000714f00000, 0x0000000714f00000| Untracked 
| 130|0x0000000715000000, 0x0000000715000000, 0x0000000715100000|  0%| F|  |TAMS 0x0000000715000000, 0x0000000715000000| Untracked 
| 131|0x0000000715100000, 0x0000000715100000, 0x0000000715200000|  0%| F|  |TAMS 0x0000000715100000, 0x0000000715100000| Untracked 
| 132|0x0000000715200000, 0x0000000715200000, 0x0000000715300000|  0%| F|  |TAMS 0x0000000715200000, 0x0000000715200000| Untracked 
| 133|0x0000000715300000, 0x0000000715300000, 0x0000000715400000|  0%| F|  |TAMS 0x0000000715300000, 0x0000000715300000| Untracked 
| 134|0x0000000715400000, 0x0000000715400000, 0x0000000715500000|  0%| F|  |TAMS 0x0000000715400000, 0x0000000715400000| Untracked 
| 135|0x0000000715500000, 0x0000000715500000, 0x0000000715600000|  0%| F|  |TAMS 0x0000000715500000, 0x0000000715500000| Untracked 
| 136|0x0000000715600000, 0x0000000715600000, 0x0000000715700000|  0%| F|  |TAMS 0x0000000715600000, 0x0000000715600000| Untracked 
| 137|0x0000000715700000, 0x0000000715700000, 0x0000000715800000|  0%| F|  |TAMS 0x0000000715700000, 0x0000000715700000| Untracked 
| 138|0x0000000715800000, 0x0000000715800000, 0x0000000715900000|  0%| F|  |TAMS 0x0000000715800000, 0x0000000715800000| Untracked 
| 139|0x0000000715900000, 0x0000000715900000, 0x0000000715a00000|  0%| F|  |TAMS 0x0000000715900000, 0x0000000715900000| Untracked 
| 140|0x0000000715a00000, 0x0000000715a00000, 0x0000000715b00000|  0%| F|  |TAMS 0x0000000715a00000, 0x0000000715a00000| Untracked 
| 141|0x0000000715b00000, 0x0000000715b00000, 0x0000000715c00000|  0%| F|  |TAMS 0x0000000715b00000, 0x0000000715b00000| Untracked 
| 142|0x0000000715c00000, 0x0000000715c00000, 0x0000000715d00000|  0%| F|  |TAMS 0x0000000715c00000, 0x0000000715c00000| Untracked 
| 143|0x0000000715d00000, 0x0000000715d00000, 0x0000000715e00000|  0%| F|  |TAMS 0x0000000715d00000, 0x0000000715d00000| Untracked 
| 144|0x0000000715e00000, 0x0000000715e00000, 0x0000000715f00000|  0%| F|  |TAMS 0x0000000715e00000, 0x0000000715e00000| Untracked 
| 145|0x0000000715f00000, 0x0000000715f00000, 0x0000000716000000|  0%| F|  |TAMS 0x0000000715f00000, 0x0000000715f00000| Untracked 
| 146|0x0000000716000000, 0x0000000716000000, 0x0000000716100000|  0%| F|  |TAMS 0x0000000716000000, 0x0000000716000000| Untracked 
| 147|0x0000000716100000, 0x0000000716100000, 0x0000000716200000|  0%| F|  |TAMS 0x0000000716100000, 0x0000000716100000| Untracked 
| 148|0x0000000716200000, 0x0000000716200000, 0x0000000716300000|  0%| F|  |TAMS 0x0000000716200000, 0x0000000716200000| Untracked 
| 149|0x0000000716300000, 0x0000000716300000, 0x0000000716400000|  0%| F|  |TAMS 0x0000000716300000, 0x0000000716300000| Untracked 
| 150|0x0000000716400000, 0x0000000716400000, 0x0000000716500000|  0%| F|  |TAMS 0x0000000716400000, 0x0000000716400000| Untracked 
| 151|0x0000000716500000, 0x0000000716500000, 0x0000000716600000|  0%| F|  |TAMS 0x0000000716500000, 0x0000000716500000| Untracked 
| 152|0x0000000716600000, 0x0000000716600000, 0x0000000716700000|  0%| F|  |TAMS 0x0000000716600000, 0x0000000716600000| Untracked 
| 153|0x0000000716700000, 0x0000000716700000, 0x0000000716800000|  0%| F|  |TAMS 0x0000000716700000, 0x0000000716700000| Untracked 
| 154|0x0000000716800000, 0x0000000716800000, 0x0000000716900000|  0%| F|  |TAMS 0x0000000716800000, 0x0000000716800000| Untracked 
| 155|0x0000000716900000, 0x0000000716900000, 0x0000000716a00000|  0%| F|  |TAMS 0x0000000716900000, 0x0000000716900000| Untracked 
| 156|0x0000000716a00000, 0x0000000716a00000, 0x0000000716b00000|  0%| F|  |TAMS 0x0000000716a00000, 0x0000000716a00000| Untracked 
| 157|0x0000000716b00000, 0x0000000716b00000, 0x0000000716c00000|  0%| F|  |TAMS 0x0000000716b00000, 0x0000000716b00000| Untracked 
| 158|0x0000000716c00000, 0x0000000716c00000, 0x0000000716d00000|  0%| F|  |TAMS 0x0000000716c00000, 0x0000000716c00000| Untracked 
| 159|0x0000000716d00000, 0x0000000716d00000, 0x0000000716e00000|  0%| F|  |TAMS 0x0000000716d00000, 0x0000000716d00000| Untracked 
| 160|0x0000000716e00000, 0x0000000716e00000, 0x0000000716f00000|  0%| F|  |TAMS 0x0000000716e00000, 0x0000000716e00000| Untracked 
| 161|0x0000000716f00000, 0x0000000716f00000, 0x0000000717000000|  0%| F|  |TAMS 0x0000000716f00000, 0x0000000716f00000| Untracked 
| 162|0x0000000717000000, 0x0000000717000000, 0x0000000717100000|  0%| F|  |TAMS 0x0000000717000000, 0x0000000717000000| Untracked 
| 163|0x0000000717100000, 0x0000000717100000, 0x0000000717200000|  0%| F|  |TAMS 0x0000000717100000, 0x0000000717100000| Untracked 
| 164|0x0000000717200000, 0x0000000717200000, 0x0000000717300000|  0%| F|  |TAMS 0x0000000717200000, 0x0000000717200000| Untracked 
| 165|0x0000000717300000, 0x0000000717300000, 0x0000000717400000|  0%| F|  |TAMS 0x0000000717300000, 0x0000000717300000| Untracked 
| 166|0x0000000717400000, 0x0000000717400000, 0x0000000717500000|  0%| F|  |TAMS 0x0000000717400000, 0x0000000717400000| Untracked 
| 167|0x0000000717500000, 0x0000000717500000, 0x0000000717600000|  0%| F|  |TAMS 0x0000000717500000, 0x0000000717500000| Untracked 
| 168|0x0000000717600000, 0x0000000717600000, 0x0000000717700000|  0%| F|  |TAMS 0x0000000717600000, 0x0000000717600000| Untracked 
| 169|0x0000000717700000, 0x0000000717700000, 0x0000000717800000|  0%| F|  |TAMS 0x0000000717700000, 0x0000000717700000| Untracked 
| 170|0x0000000717800000, 0x0000000717800000, 0x0000000717900000|  0%| F|  |TAMS 0x0000000717800000, 0x0000000717800000| Untracked 
| 171|0x0000000717900000, 0x0000000717900000, 0x0000000717a00000|  0%| F|  |TAMS 0x0000000717900000, 0x0000000717900000| Untracked 
| 172|0x0000000717a00000, 0x0000000717a00000, 0x0000000717b00000|  0%| F|  |TAMS 0x0000000717a00000, 0x0000000717a00000| Untracked 
| 173|0x0000000717b00000, 0x0000000717b00000, 0x0000000717c00000|  0%| F|  |TAMS 0x0000000717b00000, 0x0000000717b00000| Untracked 
| 174|0x0000000717c00000, 0x0000000717c00000, 0x0000000717d00000|  0%| F|  |TAMS 0x0000000717c00000, 0x0000000717c00000| Untracked 
| 175|0x0000000717d00000, 0x0000000717d00000, 0x0000000717e00000|  0%| F|  |TAMS 0x0000000717d00000, 0x0000000717d00000| Untracked 
| 176|0x0000000717e00000, 0x0000000717e00000, 0x0000000717f00000|  0%| F|  |TAMS 0x0000000717e00000, 0x0000000717e00000| Untracked 
| 177|0x0000000717f00000, 0x0000000717f00000, 0x0000000718000000|  0%| F|  |TAMS 0x0000000717f00000, 0x0000000717f00000| Untracked 
| 178|0x0000000718000000, 0x0000000718000000, 0x0000000718100000|  0%| F|  |TAMS 0x0000000718000000, 0x0000000718000000| Untracked 
| 179|0x0000000718100000, 0x0000000718100000, 0x0000000718200000|  0%| F|  |TAMS 0x0000000718100000, 0x0000000718100000| Untracked 
| 180|0x0000000718200000, 0x0000000718200000, 0x0000000718300000|  0%| F|  |TAMS 0x0000000718200000, 0x0000000718200000| Untracked 
| 181|0x0000000718300000, 0x0000000718300000, 0x0000000718400000|  0%| F|  |TAMS 0x0000000718300000, 0x0000000718300000| Untracked 
| 182|0x0000000718400000, 0x0000000718400000, 0x0000000718500000|  0%| F|  |TAMS 0x0000000718400000, 0x0000000718400000| Untracked 
| 183|0x0000000718500000, 0x0000000718500000, 0x0000000718600000|  0%| F|  |TAMS 0x0000000718500000, 0x0000000718500000| Untracked 
| 184|0x0000000718600000, 0x0000000718600000, 0x0000000718700000|  0%| F|  |TAMS 0x0000000718600000, 0x0000000718600000| Untracked 
| 185|0x0000000718700000, 0x0000000718700000, 0x0000000718800000|  0%| F|  |TAMS 0x0000000718700000, 0x0000000718700000| Untracked 
| 186|0x0000000718800000, 0x0000000718800000, 0x0000000718900000|  0%| F|  |TAMS 0x0000000718800000, 0x0000000718800000| Untracked 
| 187|0x0000000718900000, 0x0000000718900000, 0x0000000718a00000|  0%| F|  |TAMS 0x0000000718900000, 0x0000000718900000| Untracked 
| 188|0x0000000718a00000, 0x0000000718a00000, 0x0000000718b00000|  0%| F|  |TAMS 0x0000000718a00000, 0x0000000718a00000| Untracked 
| 189|0x0000000718b00000, 0x0000000718b00000, 0x0000000718c00000|  0%| F|  |TAMS 0x0000000718b00000, 0x0000000718b00000| Untracked 
| 190|0x0000000718c00000, 0x0000000718c00000, 0x0000000718d00000|  0%| F|  |TAMS 0x0000000718c00000, 0x0000000718c00000| Untracked 
| 191|0x0000000718d00000, 0x0000000718d00000, 0x0000000718e00000|  0%| F|  |TAMS 0x0000000718d00000, 0x0000000718d00000| Untracked 
| 192|0x0000000718e00000, 0x0000000718e00000, 0x0000000718f00000|  0%| F|  |TAMS 0x0000000718e00000, 0x0000000718e00000| Untracked 
| 193|0x0000000718f00000, 0x0000000719000000, 0x0000000719000000|100%| S|CS|TAMS 0x0000000718f00000, 0x0000000718f00000| Complete 
| 194|0x0000000719000000, 0x0000000719100000, 0x0000000719100000|100%| S|CS|TAMS 0x0000000719000000, 0x0000000719000000| Complete 
| 195|0x0000000719100000, 0x0000000719200000, 0x0000000719200000|100%| S|CS|TAMS 0x0000000719100000, 0x0000000719100000| Complete 
| 196|0x0000000719200000, 0x0000000719300000, 0x0000000719300000|100%| S|CS|TAMS 0x0000000719200000, 0x0000000719200000| Complete 
| 197|0x0000000719300000, 0x0000000719400000, 0x0000000719400000|100%| S|CS|TAMS 0x0000000719300000, 0x0000000719300000| Complete 
| 198|0x0000000719400000, 0x0000000719500000, 0x0000000719500000|100%| S|CS|TAMS 0x0000000719400000, 0x0000000719400000| Complete 
| 199|0x0000000719500000, 0x0000000719500000, 0x0000000719600000|  0%| F|  |TAMS 0x0000000719500000, 0x0000000719500000| Untracked 
| 200|0x0000000719600000, 0x0000000719600000, 0x0000000719700000|  0%| F|  |TAMS 0x0000000719600000, 0x0000000719600000| Untracked 
| 201|0x0000000719700000, 0x0000000719700000, 0x0000000719800000|  0%| F|  |TAMS 0x0000000719700000, 0x0000000719700000| Untracked 
| 202|0x0000000719800000, 0x0000000719800000, 0x0000000719900000|  0%| F|  |TAMS 0x0000000719800000, 0x0000000719800000| Untracked 
| 203|0x0000000719900000, 0x0000000719900000, 0x0000000719a00000|  0%| F|  |TAMS 0x0000000719900000, 0x0000000719900000| Untracked 
| 204|0x0000000719a00000, 0x0000000719a00000, 0x0000000719b00000|  0%| F|  |TAMS 0x0000000719a00000, 0x0000000719a00000| Untracked 
| 205|0x0000000719b00000, 0x0000000719b00000, 0x0000000719c00000|  0%| F|  |TAMS 0x0000000719b00000, 0x0000000719b00000| Untracked 
| 206|0x0000000719c00000, 0x0000000719c00000, 0x0000000719d00000|  0%| F|  |TAMS 0x0000000719c00000, 0x0000000719c00000| Untracked 
| 207|0x0000000719d00000, 0x0000000719d00000, 0x0000000719e00000|  0%| F|  |TAMS 0x0000000719d00000, 0x0000000719d00000| Untracked 
| 208|0x0000000719e00000, 0x0000000719e00000, 0x0000000719f00000|  0%| F|  |TAMS 0x0000000719e00000, 0x0000000719e00000| Untracked 
| 209|0x0000000719f00000, 0x0000000719f00000, 0x000000071a000000|  0%| F|  |TAMS 0x0000000719f00000, 0x0000000719f00000| Untracked 
| 210|0x000000071a000000, 0x000000071a000000, 0x000000071a100000|  0%| F|  |TAMS 0x000000071a000000, 0x000000071a000000| Untracked 
| 211|0x000000071a100000, 0x000000071a100000, 0x000000071a200000|  0%| F|  |TAMS 0x000000071a100000, 0x000000071a100000| Untracked 
| 212|0x000000071a200000, 0x000000071a200000, 0x000000071a300000|  0%| F|  |TAMS 0x000000071a200000, 0x000000071a200000| Untracked 
| 213|0x000000071a300000, 0x000000071a300000, 0x000000071a400000|  0%| F|  |TAMS 0x000000071a300000, 0x000000071a300000| Untracked 
| 214|0x000000071a400000, 0x000000071a400000, 0x000000071a500000|  0%| F|  |TAMS 0x000000071a400000, 0x000000071a400000| Untracked 
| 215|0x000000071a500000, 0x000000071a500000, 0x000000071a600000|  0%| F|  |TAMS 0x000000071a500000, 0x000000071a500000| Untracked 
| 216|0x000000071a600000, 0x000000071a600000, 0x000000071a700000|  0%| F|  |TAMS 0x000000071a600000, 0x000000071a600000| Untracked 
| 217|0x000000071a700000, 0x000000071a700000, 0x000000071a800000|  0%| F|  |TAMS 0x000000071a700000, 0x000000071a700000| Untracked 
| 218|0x000000071a800000, 0x000000071a800000, 0x000000071a900000|  0%| F|  |TAMS 0x000000071a800000, 0x000000071a800000| Untracked 
| 219|0x000000071a900000, 0x000000071a900000, 0x000000071aa00000|  0%| F|  |TAMS 0x000000071a900000, 0x000000071a900000| Untracked 
| 220|0x000000071aa00000, 0x000000071aa00000, 0x000000071ab00000|  0%| F|  |TAMS 0x000000071aa00000, 0x000000071aa00000| Untracked 
| 221|0x000000071ab00000, 0x000000071ab00000, 0x000000071ac00000|  0%| F|  |TAMS 0x000000071ab00000, 0x000000071ab00000| Untracked 
| 222|0x000000071ac00000, 0x000000071ac00000, 0x000000071ad00000|  0%| F|  |TAMS 0x000000071ac00000, 0x000000071ac00000| Untracked 
| 223|0x000000071ad00000, 0x000000071ad00000, 0x000000071ae00000|  0%| F|  |TAMS 0x000000071ad00000, 0x000000071ad00000| Untracked 
| 224|0x000000071ae00000, 0x000000071ae00000, 0x000000071af00000|  0%| F|  |TAMS 0x000000071ae00000, 0x000000071ae00000| Untracked 
| 225|0x000000071af00000, 0x000000071af00000, 0x000000071b000000|  0%| F|  |TAMS 0x000000071af00000, 0x000000071af00000| Untracked 
| 226|0x000000071b000000, 0x000000071b000000, 0x000000071b100000|  0%| F|  |TAMS 0x000000071b000000, 0x000000071b000000| Untracked 
| 227|0x000000071b100000, 0x000000071b1f32c8, 0x000000071b200000| 94%| E|  |TAMS 0x000000071b100000, 0x000000071b100000| Complete 
| 228|0x000000071b200000, 0x000000071b300000, 0x000000071b300000|100%| E|CS|TAMS 0x000000071b200000, 0x000000071b200000| Complete 
| 229|0x000000071b300000, 0x000000071b400000, 0x000000071b400000|100%| E|CS|TAMS 0x000000071b300000, 0x000000071b300000| Complete 
| 230|0x000000071b400000, 0x000000071b500000, 0x000000071b500000|100%| E|CS|TAMS 0x000000071b400000, 0x000000071b400000| Complete 
| 231|0x000000071b500000, 0x000000071b600000, 0x000000071b600000|100%| E|CS|TAMS 0x000000071b500000, 0x000000071b500000| Complete 
| 232|0x000000071b600000, 0x000000071b700000, 0x000000071b700000|100%| E|CS|TAMS 0x000000071b600000, 0x000000071b600000| Complete 
| 233|0x000000071b700000, 0x000000071b800000, 0x000000071b800000|100%| E|CS|TAMS 0x000000071b700000, 0x000000071b700000| Complete 
| 234|0x000000071b800000, 0x000000071b900000, 0x000000071b900000|100%| E|CS|TAMS 0x000000071b800000, 0x000000071b800000| Complete 
| 235|0x000000071b900000, 0x000000071ba00000, 0x000000071ba00000|100%| E|CS|TAMS 0x000000071b900000, 0x000000071b900000| Complete 
| 236|0x000000071ba00000, 0x000000071bb00000, 0x000000071bb00000|100%| E|CS|TAMS 0x000000071ba00000, 0x000000071ba00000| Complete 
| 237|0x000000071bb00000, 0x000000071bc00000, 0x000000071bc00000|100%| E|CS|TAMS 0x000000071bb00000, 0x000000071bb00000| Complete 
| 238|0x000000071bc00000, 0x000000071bd00000, 0x000000071bd00000|100%| E|CS|TAMS 0x000000071bc00000, 0x000000071bc00000| Complete 
| 239|0x000000071bd00000, 0x000000071be00000, 0x000000071be00000|100%| E|CS|TAMS 0x000000071bd00000, 0x000000071bd00000| Complete 
| 240|0x000000071be00000, 0x000000071bf00000, 0x000000071bf00000|100%| E|CS|TAMS 0x000000071be00000, 0x000000071be00000| Complete 
| 241|0x000000071bf00000, 0x000000071c000000, 0x000000071c000000|100%| E|CS|TAMS 0x000000071bf00000, 0x000000071bf00000| Complete 
| 242|0x000000071c000000, 0x000000071c100000, 0x000000071c100000|100%| E|CS|TAMS 0x000000071c000000, 0x000000071c000000| Complete 
| 243|0x000000071c100000, 0x000000071c200000, 0x000000071c200000|100%| E|CS|TAMS 0x000000071c100000, 0x000000071c100000| Complete 

Card table byte_map: [0x000000001acb0000,0x000000001b450000] _byte_map_base: 0x0000000017449000

Marking Bits (Prev, Next): (CMBitMap*) 0x0000000000177110, (CMBitMap*) 0x00000000001770d8
 Prev Bits: [0x000000001f8c0000, 0x0000000023588000)
 Next Bits: [0x000000001bbf0000, 0x000000001f8b8000)

Polling page: 0x0000000000430000

Metaspace:

Usage:
  Non-class:     24.53 MB capacity,    24.27 MB ( 99%) used,   215.65 KB ( <1%) free+waste,    56.56 KB ( <1%) overhead. 
      Class:      3.04 MB capacity,     2.86 MB ( 94%) used,   167.31 KB (  5%) free+waste,    24.81 KB ( <1%) overhead. 
       Both:     27.58 MB capacity,    27.12 MB ( 98%) used,   382.96 KB (  1%) free+waste,    81.38 KB ( <1%) overhead. 

Virtual space:
  Non-class space:       26.00 MB reserved,      24.75 MB ( 95%) committed 
      Class space:        1.00 GB reserved,       3.13 MB ( <1%) committed 
             Both:        1.03 GB reserved,      27.88 MB (  3%) committed 

Chunk freelists:
   Non-Class:  31.00 KB
       Class:  18.00 KB
        Both:  49.00 KB

MaxMetaspaceSize: 17179869184.00 GB
CompressedClassSpaceSize: 1.00 GB
Initial GC threshold: 20.80 MB
Current GC threshold: 35.00 MB
CDS: off

CodeHeap 'non-profiled nmethods': size=120064Kb used=1004Kb max_used=1004Kb free=119060Kb
 bounds [0x0000000012950000, 0x0000000012bc0000, 0x0000000019e90000]
CodeHeap 'profiled nmethods': size=120000Kb used=4710Kb max_used=4710Kb free=115289Kb
 bounds [0x000000000b420000, 0x000000000b8c0000, 0x0000000012950000]
CodeHeap 'non-nmethods': size=5696Kb used=1304Kb max_used=1330Kb free=4391Kb
 bounds [0x000000000ae90000, 0x000000000b100000, 0x000000000b420000]
 total_blobs=2789 nmethods=2302 adapters=408
 compilation: enabled
              stopped_count=0, restarted_count=0
 full_count=0

Compilation events (20 events):
Event: 38.365 Thread 0x0000000027064000 nmethod 2305 0x000000000b8b5090 code [0x000000000b8b5260, 0x000000000b8b54f8]
Event: 38.365 Thread 0x0000000027064000 2306       3       io.javalin.http.OutputStreamWrapper::write (14 bytes)
Event: 38.366 Thread 0x0000000027064000 nmethod 2306 0x000000000b8b5610 code [0x000000000b8b57e0, 0x000000000b8b5a98]
Event: 38.366 Thread 0x0000000027064000 2307       3       org.eclipse.jetty.server.Response::getOutputStream (32 bytes)
Event: 38.366 Thread 0x0000000027064000 nmethod 2307 0x000000000b8b5b90 code [0x000000000b8b5d60, 0x000000000b8b6028]
Event: 38.366 Thread 0x0000000027064000 2308       1       org.eclipse.jetty.http.HttpField::getHeader (5 bytes)
Event: 38.366 Thread 0x0000000027064000 nmethod 2308 0x0000000012a48110 code [0x0000000012a482c0, 0x0000000012a48378]
Event: 38.384 Thread 0x000000002887c800 nmethod 2298 0x0000000012a48410 code [0x0000000012a486c0, 0x0000000012a49f80]
Event: 41.229 Thread 0x0000000027064000 2309       3       jdk.internal.misc.Unsafe::getAndAddInt (27 bytes)
Event: 41.229 Thread 0x0000000027064000 nmethod 2309 0x000000000b8b6110 code [0x000000000b8b62c0, 0x000000000b8b64f8]
Event: 41.229 Thread 0x0000000027064000 2310       1       org.eclipse.jetty.http.HttpMethod::asString (5 bytes)
Event: 41.230 Thread 0x0000000027064000 nmethod 2310 0x0000000012a4ad10 code [0x0000000012a4aec0, 0x0000000012a4af78]
Event: 42.366 Thread 0x0000000027064000 2311       3       java.util.HashMap::putVal (300 bytes)
Event: 42.368 Thread 0x0000000027064000 nmethod 2311 0x000000000b8b6610 code [0x000000000b8b68e0, 0x000000000b8b7bd8]
Event: 88.629 Thread 0x0000000027064000 2312       3       java.util.concurrent.locks.ReentrantLock$NonfairSync::tryAcquire (6 bytes)
Event: 88.629 Thread 0x0000000027064000 nmethod 2312 0x000000000b8b8210 code [0x000000000b8b83c0, 0x000000000b8b8508]
Event: 88.629 Thread 0x0000000027064000 2313       3       java.util.concurrent.locks.ReentrantLock$Sync::nonfairTryAcquire (67 bytes)
Event: 88.631 Thread 0x0000000027064000 nmethod 2313 0x000000000b8b8590 code [0x000000000b8b8800, 0x000000000b8b90e8]
Event: 88.631 Thread 0x0000000027064000 2314       3       java.util.concurrent.locks.ReentrantLock$Sync::tryRelease (45 bytes)
Event: 88.631 Thread 0x0000000027064000 nmethod 2314 0x000000000b8b9490 code [0x000000000b8b9660, 0x000000000b8b9988]

GC Heap History (6 events):
Event: 3.982 GC heap before
{Heap before GC invocations=0 (full 0):
 garbage-first heap   total 249856K, used 16384K [0x000000070ce00000, 0x0000000800000000)
  region size 1024K, 14 young (14336K), 0 survivors (0K)
 Metaspace       used 10471K, capacity 10569K, committed 10752K, reserved 1058816K
  class space    used 966K, capacity 1013K, committed 1024K, reserved 1048576K
}
Event: 4.020 GC heap after
{Heap after GC invocations=1 (full 0):
 garbage-first heap   total 249856K, used 6416K [0x000000070ce00000, 0x0000000800000000)
  region size 1024K, 2 young (2048K), 2 survivors (2048K)
 Metaspace       used 10471K, capacity 10569K, committed 10752K, reserved 1058816K
  class space    used 966K, capacity 1013K, committed 1024K, reserved 1048576K
}
Event: 36.356 GC heap before
{Heap before GC invocations=1 (full 0):
 garbage-first heap   total 249856K, used 45328K [0x000000070ce00000, 0x0000000800000000)
  region size 1024K, 40 young (40960K), 2 survivors (2048K)
 Metaspace       used 20815K, capacity 21152K, committed 21248K, reserved 1069056K
  class space    used 2099K, capacity 2229K, committed 2304K, reserved 1048576K
}
Event: 36.366 GC heap after
{Heap after GC invocations=2 (full 0):
 garbage-first heap   total 249856K, used 9417K [0x000000070ce00000, 0x0000000800000000)
  region size 1024K, 5 young (5120K), 5 survivors (5120K)
 Metaspace       used 20815K, capacity 21152K, committed 21248K, reserved 1069056K
  class space    used 2099K, capacity 2229K, committed 2304K, reserved 1048576K
}
Event: 37.727 GC heap before
{Heap before GC invocations=3 (full 0):
 garbage-first heap   total 249856K, used 52425K [0x000000070ce00000, 0x0000000800000000)
  region size 1024K, 45 young (46080K), 5 survivors (5120K)
 Metaspace       used 26199K, capacity 26614K, committed 26752K, reserved 1073152K
  class space    used 2749K, capacity 2920K, committed 2944K, reserved 1048576K
}
Event: 37.781 GC heap after
{Heap after GC invocations=4 (full 0):
 garbage-first heap   total 249856K, used 22575K [0x000000070ce00000, 0x0000000800000000)
  region size 1024K, 6 young (6144K), 6 survivors (6144K)
 Metaspace       used 26199K, capacity 26614K, committed 26752K, reserved 1073152K
  class space    used 2749K, capacity 2920K, committed 2944K, reserved 1048576K
}

Deoptimization events (20 events):
Event: 38.238 Thread 0x0000000029772000 DEOPT PACKING pc=0x00000000129e216c sp=0x000000002abdcd10
Event: 38.238 Thread 0x0000000029772000 DEOPT UNPACKING pc=0x000000000aeda1af sp=0x000000002abdcc58 mode 2
Event: 38.242 Thread 0x0000000029772000 Uncommon trap: trap_request=0xffffffc6 fr.pc=0x00000000129e0fd4 relative=0x0000000000000854
Event: 38.242 Thread 0x0000000029772000 Uncommon trap: reason=bimorphic_or_optimized_type_check action=maybe_recompile pc=0x00000000129e0fd4 method=java.util.HashMap.putVal(ILjava/lang/Object;Ljava/lang/Object;ZZ)Ljava/lang/Object; @ 253 c2
Event: 38.242 Thread 0x0000000029772000 DEOPT PACKING pc=0x00000000129e0fd4 sp=0x000000002abdcc90
Event: 38.242 Thread 0x0000000029772000 DEOPT UNPACKING pc=0x000000000aeda1af sp=0x000000002abdcc60 mode 2
Event: 38.260 Thread 0x0000000029772000 DEOPT PACKING pc=0x000000000b6999ec sp=0x000000002abdc710
Event: 38.260 Thread 0x0000000029772000 DEOPT UNPACKING pc=0x000000000aeda95e sp=0x000000002abdbc38 mode 1
Event: 38.260 Thread 0x0000000029772000 DEOPT PACKING pc=0x000000000b7b7724 sp=0x000000002abdc8b0
Event: 38.260 Thread 0x0000000029772000 DEOPT UNPACKING pc=0x000000000aeda95e sp=0x000000002abdbd38 mode 1
Event: 38.260 Thread 0x0000000029772000 DEOPT PACKING pc=0x000000000b7b52dc sp=0x000000002abdc940
Event: 38.260 Thread 0x0000000029772000 DEOPT UNPACKING pc=0x000000000aeda95e sp=0x000000002abdbe00 mode 1
Event: 38.260 Thread 0x0000000029772000 DEOPT PACKING pc=0x000000000b888b14 sp=0x000000002abdc9c0
Event: 38.260 Thread 0x0000000029772000 DEOPT UNPACKING pc=0x000000000aeda95e sp=0x000000002abdbe30 mode 1
Event: 38.327 Thread 0x0000000029772000 DEOPT PACKING pc=0x000000000b4cf42c sp=0x000000002abdd160
Event: 38.327 Thread 0x0000000029772000 DEOPT UNPACKING pc=0x000000000aeda95e sp=0x000000002abdc610 mode 1
Event: 38.658 Thread 0x00000000286c2800 DEOPT PACKING pc=0x000000000b4cf42c sp=0x000000002814e8e0
Event: 38.658 Thread 0x00000000286c2800 DEOPT UNPACKING pc=0x000000000aeda95e sp=0x000000002814dd90 mode 1
Event: 38.658 Thread 0x00000000286c2800 DEOPT PACKING pc=0x000000000b4ce964 sp=0x000000002814eb10
Event: 38.658 Thread 0x00000000286c2800 DEOPT UNPACKING pc=0x000000000aeda95e sp=0x000000002814dfc8 mode 1

Classes redefined (0 events):
No events

Internal exceptions (20 events):
Event: 36.923 Thread 0x0000000029772000 Exception <a 'java/lang/NoSuchMethodError'{0x000000071b76f728}: 'java.lang.Object java.lang.invoke.DirectMethodHandle$Holder.invokeStatic(java.lang.Object, int, java.lang.Object)'> (0x000000071b76f728) thrown at [./src/hotspot/share/interpreter/linkResolver.cpp, line 773]
Event: 37.018 Thread 0x0000000029772000 Implicit null exception at 0x00000000129e56ac to 0x00000000129e57d1
Event: 37.415 Thread 0x0000000029772000 Exception <a 'java/lang/NoSuchMethodError'{0x000000071a17bcb8}: 'void java.lang.invoke.DirectMethodHandle$Holder.invokeSpecial(java.lang.Object, java.lang.Object, java.lang.Object, java.lang.Object, java.lang.Object)'> (0x000000071a17bcb8) thrown at [./src/hotspot/share/interpreter/linkResolver.cpp, line 773]
Event: 37.570 Thread 0x0000000029772000 Implicit null exception at 0x0000000012a1181d to 0x0000000012a14edc
Event: 37.669 Thread 0x0000000029772000 Exception <a 'java/lang/NoSuchMethodError'{0x0000000719b88ca0}: 'int java.lang.invoke.DirectMethodHandle$Holder.invokeSpecial(java.lang.Object, java.lang.Object, java.lang.Object, java.lang.Object, java.lang.Object)'> (0x0000000719b88ca0) thrown at [./src/hotspot/share/interpreter/linkResolver.cpp, line 773]
Event: 37.831 Thread 0x0000000029772000 Exception <a 'sun/nio/fs/WindowsException'{0x000000071c0f9408}> (0x000000071c0f9408) thrown at [./src/hotspot/share/prims/jni.cpp, line 615]
Event: 37.835 Thread 0x0000000029772000 Exception <a 'sun/nio/fs/WindowsException'{0x000000071c0f9768}> (0x000000071c0f9768) thrown at [./src/hotspot/share/prims/jni.cpp, line 615]
Event: 37.836 Thread 0x0000000029772000 Exception <a 'sun/nio/fs/WindowsException'{0x000000071c0faec0}> (0x000000071c0faec0) thrown at [./src/hotspot/share/prims/jni.cpp, line 615]
Event: 37.836 Thread 0x0000000029772000 Exception <a 'sun/nio/fs/WindowsException'{0x000000071c0fb1e0}> (0x000000071c0fb1e0) thrown at [./src/hotspot/share/prims/jni.cpp, line 615]
Event: 37.853 Thread 0x0000000029772000 Exception <a 'sun/nio/fs/WindowsException'{0x000000071bf069a8}> (0x000000071bf069a8) thrown at [./src/hotspot/share/prims/jni.cpp, line 615]
Event: 37.853 Thread 0x0000000029772000 Exception <a 'sun/nio/fs/WindowsException'{0x000000071bf06ca8}> (0x000000071bf06ca8) thrown at [./src/hotspot/share/prims/jni.cpp, line 615]
Event: 37.923 Thread 0x0000000029772000 Exception <a 'sun/nio/fs/WindowsException'{0x000000071bffbbf0}> (0x000000071bffbbf0) thrown at [./src/hotspot/share/prims/jni.cpp, line 615]
Event: 37.923 Thread 0x0000000029772000 Exception <a 'sun/nio/fs/WindowsException'{0x000000071bffbf30}> (0x000000071bffbf30) thrown at [./src/hotspot/share/prims/jni.cpp, line 615]
Event: 37.928 Thread 0x0000000029772000 Exception <a 'sun/nio/fs/WindowsException'{0x000000071be0acc0}> (0x000000071be0acc0) thrown at [./src/hotspot/share/prims/jni.cpp, line 615]
Event: 37.930 Thread 0x0000000029772000 Exception <a 'sun/nio/fs/WindowsException'{0x000000071be0ed08}> (0x000000071be0ed08) thrown at [./src/hotspot/share/prims/jni.cpp, line 615]
Event: 37.933 Thread 0x0000000029772000 Exception <a 'sun/nio/fs/WindowsException'{0x000000071be132f0}> (0x000000071be132f0) thrown at [./src/hotspot/share/prims/jni.cpp, line 615]
Event: 37.939 Thread 0x0000000029772000 Exception <a 'sun/nio/fs/WindowsException'{0x000000071be18190}> (0x000000071be18190) thrown at [./src/hotspot/share/prims/jni.cpp, line 615]
Event: 37.948 Thread 0x0000000029772000 Exception <a 'sun/nio/fs/WindowsException'{0x000000071be21ea0}> (0x000000071be21ea0) thrown at [./src/hotspot/share/prims/jni.cpp, line 615]
Event: 37.948 Thread 0x0000000029772000 Exception <a 'sun/nio/fs/WindowsException'{0x000000071be221b8}> (0x000000071be221b8) thrown at [./src/hotspot/share/prims/jni.cpp, line 615]
Event: 38.260 Thread 0x0000000029772000 Exception <a 'sun/nio/fs/WindowsException'{0x000000071b34d5d8}> (0x000000071b34d5d8) thrown at [./src/hotspot/share/prims/jni.cpp, line 615]

Events (20 events):
Event: 88.630 Executing VM operation: RevokeBias
Event: 88.630 Executing VM operation: RevokeBias done
Event: 88.631 Executing VM operation: RevokeBias
Event: 88.631 Executing VM operation: RevokeBias done
Event: 88.633 loading class org/bson/conversions/Bson
Event: 88.633 loading class org/bson/conversions/Bson done
Event: 88.635 loading class org/bson/codecs/Decoder
Event: 88.635 loading class org/bson/codecs/Decoder done
Event: 88.636 loading class org/bson/BsonReader
Event: 88.636 loading class org/bson/BsonReader done
Event: 88.637 loading class org/bson/codecs/Encoder
Event: 88.637 loading class org/bson/codecs/Encoder done
Event: 88.639 loading class org/bson/BsonWriter
Event: 88.639 loading class org/bson/BsonWriter done
Event: 88.642 loading class org/bson/BsonDocument
Event: 88.642 loading class org/bson/BsonDocument done
Event: 88.646 loading class org/bson/BsonValue
Event: 88.646 loading class org/bson/BsonValue done
Event: 88.650 loading class org/bson/BsonDocumentWrapper
Event: 88.650 loading class org/bson/BsonDocumentWrapper done


Dynamic libraries:
0x000000013fd30000 - 0x000000013fd3d000 	C:\Users\MorrisBrandt\.jdks\temurin-11.0.12\bin\java.exe
0x00000000779b0000 - 0x0000000077b4f000 	C:\Windows\SYSTEM32\ntdll.dll
0x0000000077890000 - 0x00000000779af000 	C:\Windows\system32\kernel32.dll
0x000007fefd6c0000 - 0x000007fefd727000 	C:\Windows\system32\KERNELBASE.dll
0x000007fef4520000 - 0x000007fef4537000 	C:\Users\MorrisBrandt\.jdks\temurin-11.0.12\bin\jli.dll
0x000007fefc080000 - 0x000007fefc275000 	C:\Windows\WinSxS\amd64_microsoft.windows.common-controls_6595b64144ccf1df_6.0.7601.24483_none_e372d88f30fbb845\COMCTL32.dll
0x000007fefd8c0000 - 0x000007fefd95f000 	C:\Windows\system32\msvcrt.dll
0x000007feff860000 - 0x000007feff8c7000 	C:\Windows\system32\GDI32.dll
0x0000000077790000 - 0x000000007788a000 	C:\Windows\system32\USER32.dll
0x000007feff850000 - 0x000007feff85e000 	C:\Windows\system32\LPK.dll
0x000007feff920000 - 0x000007feff9eb000 	C:\Windows\system32\USP10.dll
0x000007fefe250000 - 0x000007fefe2c1000 	C:\Windows\system32\SHLWAPI.dll
0x000007fefc060000 - 0x000007fefc075000 	C:\Users\MorrisBrandt\.jdks\temurin-11.0.12\bin\VCRUNTIME140.dll
0x000007fefb6d0000 - 0x000007fefb6d4000 	C:\Users\MorrisBrandt\.jdks\temurin-11.0.12\bin\api-ms-win-crt-runtime-l1-1-0.dll
0x000007fedc270000 - 0x000007fedc36a000 	C:\Users\MorrisBrandt\.jdks\temurin-11.0.12\bin\ucrtbase.DLL
0x000007fefc050000 - 0x000007fefc053000 	C:\Users\MorrisBrandt\.jdks\temurin-11.0.12\bin\api-ms-win-core-localization-l1-2-0.dll
0x000007fefb360000 - 0x000007fefb363000 	C:\Users\MorrisBrandt\.jdks\temurin-11.0.12\bin\api-ms-win-core-processthreads-l1-1-1.dll
0x000007fef44f0000 - 0x000007fef44f3000 	C:\Users\MorrisBrandt\.jdks\temurin-11.0.12\bin\api-ms-win-core-file-l1-2-0.dll
0x000007fef44d0000 - 0x000007fef44d3000 	C:\Users\MorrisBrandt\.jdks\temurin-11.0.12\bin\api-ms-win-core-timezone-l1-1-0.dll
0x000007fef44e0000 - 0x000007fef44e3000 	C:\Users\MorrisBrandt\.jdks\temurin-11.0.12\bin\api-ms-win-core-file-l2-1-0.dll
0x000007fef44b0000 - 0x000007fef44b3000 	C:\Users\MorrisBrandt\.jdks\temurin-11.0.12\bin\api-ms-win-core-synch-l1-2-0.dll
0x000007fef44c0000 - 0x000007fef44c3000 	C:\Users\MorrisBrandt\.jdks\temurin-11.0.12\bin\api-ms-win-crt-heap-l1-1-0.dll
0x000007fef4490000 - 0x000007fef4494000 	C:\Users\MorrisBrandt\.jdks\temurin-11.0.12\bin\api-ms-win-crt-string-l1-1-0.dll
0x000007fef44a0000 - 0x000007fef44a4000 	C:\Users\MorrisBrandt\.jdks\temurin-11.0.12\bin\api-ms-win-crt-stdio-l1-1-0.dll
0x000007fef4470000 - 0x000007fef4474000 	C:\Users\MorrisBrandt\.jdks\temurin-11.0.12\bin\api-ms-win-crt-convert-l1-1-0.dll
0x000007fef4480000 - 0x000007fef4483000 	C:\Users\MorrisBrandt\.jdks\temurin-11.0.12\bin\api-ms-win-crt-environment-l1-1-0.dll
0x000007fef3af0000 - 0x000007fef3af3000 	C:\Users\MorrisBrandt\.jdks\temurin-11.0.12\bin\api-ms-win-crt-filesystem-l1-1-0.dll
0x000007fef4410000 - 0x000007fef4415000 	C:\Users\MorrisBrandt\.jdks\temurin-11.0.12\bin\api-ms-win-crt-math-l1-1-0.dll
0x000007fef3ad0000 - 0x000007fef3ad3000 	C:\Users\MorrisBrandt\.jdks\temurin-11.0.12\bin\api-ms-win-crt-locale-l1-1-0.dll
0x000007fefe2d0000 - 0x000007fefe2fe000 	C:\Windows\system32\IMM32.DLL
0x000007fefdb60000 - 0x000007fefdc6b000 	C:\Windows\system32\MSCTF.dll
0x000007fef3a30000 - 0x000007fef3acb000 	C:\Users\MorrisBrandt\.jdks\temurin-11.0.12\bin\msvcp140.dll
0x000007fef3ae0000 - 0x000007fef3ae3000 	C:\Users\MorrisBrandt\.jdks\temurin-11.0.12\bin\api-ms-win-crt-time-l1-1-0.dll
0x000007fef39b0000 - 0x000007fef39b3000 	C:\Users\MorrisBrandt\.jdks\temurin-11.0.12\bin\api-ms-win-crt-utility-l1-1-0.dll
0x000007fec93b0000 - 0x000007fec9f09000 	C:\Users\MorrisBrandt\.jdks\temurin-11.0.12\bin\server\jvm.dll
0x000007fefda00000 - 0x000007fefdadb000 	C:\Windows\system32\ADVAPI32.dll
0x000007feff0b0000 - 0x000007feff0cf000 	C:\Windows\SYSTEM32\sechost.dll
0x000007feff9f0000 - 0x000007feffb1c000 	C:\Windows\system32\RPCRT4.dll
0x000007fef2890000 - 0x000007fef2899000 	C:\Windows\system32\WSOCK32.dll
0x000007feff8d0000 - 0x000007feff91d000 	C:\Windows\system32\WS2_32.dll
0x000007fefdc70000 - 0x000007fefdc78000 	C:\Windows\system32\NSI.dll
0x000007fef8430000 - 0x000007fef846b000 	C:\Windows\system32\WINMM.dll
0x000007fefc590000 - 0x000007fefc59c000 	C:\Windows\system32\VERSION.dll
0x0000000077b60000 - 0x0000000077b67000 	C:\Windows\system32\PSAPI.DLL
0x000007fef3a20000 - 0x000007fef3a30000 	C:\Users\MorrisBrandt\.jdks\temurin-11.0.12\bin\verify.dll
0x000007fef53a0000 - 0x000007fef54c5000 	C:\Windows\system32\DBGHELP.DLL
0x000007fef3950000 - 0x000007fef3978000 	C:\Users\MorrisBrandt\.jdks\temurin-11.0.12\bin\java.dll
0x000007fef39a0000 - 0x000007fef39aa000 	C:\Users\MorrisBrandt\.jdks\temurin-11.0.12\bin\jimage.dll
0x000007fee2cc0000 - 0x000007fee2cf8000 	C:\Users\MorrisBrandt\.jdks\temurin-11.0.12\bin\jdwp.dll
0x000007fee5ed0000 - 0x000007fee5ede000 	C:\Users\MorrisBrandt\.jdks\temurin-11.0.12\bin\instrument.dll
0x000007fef3980000 - 0x000007fef3997000 	C:\Users\MorrisBrandt\.jdks\temurin-11.0.12\bin\zip.dll
0x000007fefe320000 - 0x000007feff0ab000 	C:\Windows\system32\SHELL32.dll
0x000007fefde10000 - 0x000007fefe00f000 	C:\Windows\system32\ole32.dll
0x000007fefd510000 - 0x000007fefd51f000 	C:\Windows\system32\profapi.dll
0x000007fee5960000 - 0x000007fee596a000 	C:\Users\MorrisBrandt\.jdks\temurin-11.0.12\bin\dt_socket.dll
0x000007fefcc80000 - 0x000007fefccd5000 	C:\Windows\system32\mswsock.dll
0x000007fefc6b0000 - 0x000007fefc6b7000 	C:\Windows\System32\wshtcpip.dll
0x000007fee76f0000 - 0x000007fee7709000 	C:\Users\MorrisBrandt\.jdks\temurin-11.0.12\bin\net.dll
0x000007fefa2e0000 - 0x000007fefa351000 	C:\Windows\system32\WINHTTP.dll
0x000007fefa220000 - 0x000007fefa285000 	C:\Windows\system32\webio.dll
0x000007fefcc70000 - 0x000007fefcc77000 	C:\Windows\System32\wship6.dll
0x000007fee76d0000 - 0x000007fee76e2000 	C:\Users\MorrisBrandt\.jdks\temurin-11.0.12\bin\nio.dll
0x000007fefcce0000 - 0x000007fefccf8000 	C:\Windows\system32\CRYPTSP.dll
0x000007fefc9e0000 - 0x000007fefca27000 	C:\Windows\system32\rsaenh.dll
0x000007fefd620000 - 0x000007fefd63f000 	C:\Windows\system32\USERENV.dll
0x000007fefd3a0000 - 0x000007fefd3af000 	C:\Windows\system32\CRYPTBASE.dll
0x000007fefae40000 - 0x000007fefae67000 	C:\Windows\system32\IPHLPAPI.DLL
0x000007fefae30000 - 0x000007fefae3b000 	C:\Windows\system32\WINNSI.DLL
0x000007fefad60000 - 0x000007fefad71000 	C:\Windows\system32\dhcpcsvc6.DLL
0x000007fefad10000 - 0x000007fefad28000 	C:\Windows\system32\dhcpcsvc.DLL
0x000007fee5f30000 - 0x000007fee5f39000 	C:\Users\MorrisBrandt\.jdks\temurin-11.0.12\bin\management.dll
0x000007fee5ee0000 - 0x000007fee5eeb000 	C:\Users\MorrisBrandt\.jdks\temurin-11.0.12\bin\management_ext.dll

dbghelp: loaded successfully - version: 4.0.5 - missing functions: none
symbol engine: initialized successfully - sym options: 0x614 - pdb path: .;C:\Users\MorrisBrandt\.jdks\temurin-11.0.12\bin;C:\Windows\SYSTEM32;C:\Windows\WinSxS\amd64_microsoft.windows.common-controls_6595b64144ccf1df_6.0.7601.24483_none_e372d88f30fbb845;C:\Users\MorrisBrandt\.jdks\temurin-11.0.12\bin\server

VM Arguments:
jvm_args: -agentlib:jdwp=transport=dt_socket,address=127.0.0.1:4102,suspend=y,server=n -javaagent:C:\Users\MorrisBrandt\AppData\Local\JetBrains\IdeaIC2021.2\captureAgent\debugger-agent.jar=file:/C:/Users/MorrisBrandt/AppData/Local/Temp/capture.props -Dfile.encoding=UTF-8 
java_command: de.morrisbr.witzlecraft.main.Main
java_class_path (initial): C:\Users\MorrisBrandt\Documents\Programieren\Witzlecraft-Web\target\classes;C:\Users\MorrisBrandt\Desktop\Test - Server\plugins\MasterEco-0.0.1-SNAPSHOT-shaded.jar;C:\Users\MorrisBrandt\.m2\repository\io\javalin\javalin\3.13.10\javalin-3.13.10.jar;C:\Users\MorrisBrandt\.m2\repository\org\eclipse\jetty\jetty-server\9.4.43.v20210629\jetty-server-9.4.43.v20210629.jar;C:\Users\MorrisBrandt\.m2\repository\javax\servlet\javax.servlet-api\3.1.0\javax.servlet-api-3.1.0.jar;C:\Users\MorrisBrandt\.m2\repository\org\eclipse\jetty\jetty-http\9.4.43.v20210629\jetty-http-9.4.43.v20210629.jar;C:\Users\MorrisBrandt\.m2\repository\org\eclipse\jetty\jetty-util\9.4.43.v20210629\jetty-util-9.4.43.v20210629.jar;C:\Users\MorrisBrandt\.m2\repository\org\eclipse\jetty\jetty-io\9.4.43.v20210629\jetty-io-9.4.43.v20210629.jar;C:\Users\MorrisBrandt\.m2\repository\org\eclipse\jetty\jetty-webapp\9.4.43.v20210629\jetty-webapp-9.4.43.v20210629.jar;C:\Users\MorrisBrandt\.m2\repository\org\eclipse\jetty\jetty-xml\9.4.43.v20210629\jetty-xml-9.4.43.v20210629.jar;C:\Users\MorrisBrandt\.m2\repository\org\eclipse\jetty\jetty-servlet\9.4.43.v20210629\jetty-servlet-9.4.43.v20210629.jar;C:\Users\MorrisBrandt\.m2\repository\org\eclipse\jetty\jetty-security\9.4.43.v20210629\jetty-security-9.4.43.v20210629.jar;C:\Users\MorrisBrandt\.m2\repository\org\eclipse\jetty\jetty-util-ajax\9.4.43.v20210629\jetty-util-ajax-9.4.43.v20210629.jar;C:\Users\MorrisBrandt\.m2\repository\org\eclipse\jetty\websocket\websocket-server\9.4.43.v20210629\websocket-server-9.4.43.v20210629.jar;C:\Users\MorrisBrandt\.m2\repository\org\eclipse\jetty\websocket\websocket-common\9.4.43.v20210629\websocket-common-9.4.43.v20210629.jar;C:\Users\MorrisBrandt\.m2\repository\org\eclipse\jetty\websocket\websocket-api\9.4.43.v20210629\websocket-api-9.4.43.v20210629.jar;C:\Users\MorrisBrandt\.m2\repository\org\eclipse\jetty\websocket\websocket-client\9.4.43.v20210629\websocket-client-9.4.43.v20210629.jar;C:\Users\MorrisBr
Launcher Type: SUN_STANDARD

[Global flags]
     intx CICompilerCount                          = 3                                         {product} {ergonomic}
     uint ConcGCThreads                            = 1                                         {product} {ergonomic}
     uint G1ConcRefinementThreads                  = 4                                         {product} {ergonomic}
   size_t G1HeapRegionSize                         = 1048576                                   {product} {ergonomic}
    uintx GCDrainStackTargetSize                   = 64                                        {product} {ergonomic}
   size_t InitialHeapSize                          = 255852544                                 {product} {ergonomic}
   size_t MarkStackSize                            = 4194304                                   {product} {ergonomic}
   size_t MaxHeapSize                              = 4078960640                                {product} {ergonomic}
   size_t MaxNewSize                               = 2447376384                                {product} {ergonomic}
   size_t MinHeapDeltaBytes                        = 1048576                                   {product} {ergonomic}
    uintx NonNMethodCodeHeapSize                   = 5830732                                {pd product} {ergonomic}
    uintx NonProfiledCodeHeapSize                  = 122913754                              {pd product} {ergonomic}
    uintx ProfiledCodeHeapSize                     = 122913754                              {pd product} {ergonomic}
    uintx ReservedCodeCacheSize                    = 251658240                              {pd product} {ergonomic}
     bool SegmentedCodeCache                       = true                                      {product} {ergonomic}
     bool UseCompressedClassPointers               = true                                 {lp64_product} {ergonomic}
     bool UseCompressedOops                        = true                                 {lp64_product} {ergonomic}
     bool UseG1GC                                  = true                                      {product} {ergonomic}
     bool UseLargePagesIndividualAllocation        = false                                  {pd product} {ergonomic}

Logging:
Log output configuration:
 #0: stdout all=warning uptime,level,tags
 #1: stderr all=off uptime,level,tags

Environment Variables:
PATH=C:\Program Files\Eclipse Foundation\jdk-8.0.302.8-hotspot\bin;C:\Program Files\Eclipse Foundation\jdk-16.0.2.7-hotspot\bin;C:\Program Files (x86)\Common Files\Oracle\Java\javapath;C:\Windows\system32;C:\Windows;C:\Windows\System32\Wbem;C:\Windows\System32\WindowsPowerShell\v1.0\;C:\Program Files\dotnet\;C:\Program Files\PuTTY\;C:\Users\MorrisBrandt\Desktop\weebp-0.6.1-windows-x64\;C:\Users\MorrisBrandt\AppData\Local\Programs\Microsoft VS Code\bin;C:\Users\MorrisBrandt\.dotnet\tools;C:\Users\MorrisBrandt\AppData\Local\atom\bin
USERNAME=MorrisBrandt
OS=Windows_NT
PROCESSOR_IDENTIFIER=AMD64 Family 21 Model 19 Stepping 1, AuthenticAMD



---------------  S Y S T E M  ---------------

OS: Windows 7 , 64 bit Build 7601 (6.1.7601.24545)
OS uptime: 0 days 5:19 hours

CPU:total 4 (initial active 4) (4 cores per cpu, 1 threads per core) family 21 model 19 stepping 1 microcode 0x0, cmov, cx8, fxsr, mmx, sse, sse2, sse3, ssse3, sse4.1, sse4.2, popcnt, avx, aes, clmul, mmxext, 3dnowpref, lzcnt, sse4a, tsc, tscinvbit, tscinv, bmi1, fma

Memory: 4k page, system-wide physical 15557M (1304M free)
TotalPageFile size 31112M (AvailPageFile size 13290M)
current process WorkingSet (physical memory assigned to process): 157M, peak: 174M
current process commit charge ("private bytes"): 378M, peak: 389M

vm_info: OpenJDK 64-Bit Server VM (11.0.12+7) for windows-amd64 JRE (11.0.12+7), built on Jul 21 2021 16:23:49 by "" with unknown MS VC++:1916

END.
