#
# A fatal error has been detected by the Java Runtime Environment:
#
#  EXCEPTION_ACCESS_VIOLATION (0xc0000005) at pc=0x000007fecec31c0f, pid=8596, tid=4336
#
# JRE version: OpenJDK Runtime Environment Temurin-11.0.12+7 (11.0.12+7) (build 11.0.12+7)
# Java VM: OpenJDK 64-Bit Server VM Temurin-11.0.12+7 (11.0.12+7, mixed mode, tiered, compressed oops, g1 gc, windows-amd64)
# Problematic frame:
# V  [jvm.dll+0x201c0f]
#
# No core dump will be written. Minidumps are not enabled by default on client versions of Windows
#
# If you would like to submit a bug report, please visit:
#   https://github.com/adoptium/adoptium-support/issues
#

---------------  S U M M A R Y ------------

Command Line: -javaagent:C:\Program Files\JetBrains\IntelliJ IDEA Community Edition 2021.2\lib\idea_rt.jar=4010:C:\Program Files\JetBrains\IntelliJ IDEA Community Edition 2021.2\bin -Dfile.encoding=UTF-8 de.morrisbr.witzlecraft.main.Main

Host: AMD A8-6600K APU with Radeon(tm) HD Graphics   , 4 cores, 15G,  Windows 7 , 64 bit Build 7601 (6.1.7601.24545)
Time: Thu Aug 26 17:58:53 2021 Mitteleuropäische Sommerzeit elapsed time: 36.050745 seconds (0d 0h 0m 36s)

---------------  T H R E A D  ---------------

Current thread (0x0000000028e00000):  JavaThread "qtp543846639-17" [_thread_in_vm, id=4336, stack(0x000000002a990000,0x000000002aa90000)]

Stack: [0x000000002a990000,0x000000002aa90000],  sp=0x000000002aa8d760,  free space=1013k
Native frames: (J=compiled Java code, j=interpreted, Vv=VM code, C=native code)
V  [jvm.dll+0x201c0f]
V  [jvm.dll+0x201ec8]
V  [jvm.dll+0x4f798d]
V  [jvm.dll+0x4f5a8f]
V  [jvm.dll+0x371ee8]
V  [jvm.dll+0x3715e4]
C  0x000000000af2d4ee

Java frames: (J=compiled Java code, j=interpreted, Vv=VM code)
j  de.morrisbr.verify.services.VerifyService.registerAccount(Lde/morrisbr/verify/network/objects/EventPlayer;Ljava/lang/String;)V+7
j  de.morrisbr.witzlecraft.main.Main.lambda$main$3(Lio/javalin/http/Context;)V+53
j  de.morrisbr.witzlecraft.main.Main$$Lambda$115.handle(Lio/javalin/http/Context;)V+1
j  io.javalin.core.security.SecurityUtil.noopAccessManager(Lio/javalin/http/Handler;Lio/javalin/http/Context;Ljava/util/Set;)V+58
j  io.javalin.core.JavalinConfig$Inner$$Lambda$38.manage(Lio/javalin/http/Handler;Lio/javalin/http/Context;Ljava/util/Set;)V+3
j  io.javalin.http.JavalinServlet$addHandler$protectedHandler$1.handle(Lio/javalin/http/Context;)V+28
j  io.javalin.http.JavalinServlet$service$2$1.invoke()V+175
j  io.javalin.http.JavalinServlet$service$2$1.invoke()Ljava/lang/Object;+1
j  io.javalin.http.JavalinServlet$service$1.invoke(Lkotlin/jvm/functions/Function0;)V+24
j  io.javalin.http.JavalinServlet$service$2.invoke()V+15
j  io.javalin.http.JavalinServlet.service(Ljavax/servlet/http/HttpServletRequest;Ljavax/servlet/http/HttpServletResponse;)V+217
j  javax.servlet.http.HttpServlet.service(Ljavax/servlet/ServletRequest;Ljavax/servlet/ServletResponse;)V+39
j  io.javalin.websocket.JavalinWsServlet.service(Ljavax/servlet/http/HttpServletRequest;Ljavax/servlet/http/HttpServletResponse;)V+31
j  javax.servlet.http.HttpServlet.service(Ljavax/servlet/ServletRequest;Ljavax/servlet/ServletResponse;)V+39
j  org.eclipse.jetty.servlet.ServletHolder.handle(Lorg/eclipse/jetty/server/Request;Ljavax/servlet/ServletRequest;Ljavax/servlet/ServletResponse;)V+25
j  org.eclipse.jetty.servlet.ServletHandler.doHandle(Ljava/lang/String;Lorg/eclipse/jetty/server/Request;Ljavax/servlet/http/HttpServletRequest;Ljavax/servlet/http/HttpServletResponse;)V+180
j  org.eclipse.jetty.server.handler.ScopedHandler.nextHandle(Ljava/lang/String;Lorg/eclipse/jetty/server/Request;Ljavax/servlet/http/HttpServletRequest;Ljavax/servlet/http/HttpServletResponse;)V+27
j  org.eclipse.jetty.server.session.SessionHandler.doHandle(Ljava/lang/String;Lorg/eclipse/jetty/server/Request;Ljavax/servlet/http/HttpServletRequest;Ljavax/servlet/http/HttpServletResponse;)V+6
j  org.eclipse.jetty.server.handler.ScopedHandler.nextHandle(Ljava/lang/String;Lorg/eclipse/jetty/server/Request;Ljavax/servlet/http/HttpServletRequest;Ljavax/servlet/http/HttpServletResponse;)V+27
j  io.javalin.core.JavalinServer$start$wsAndHttpHandler$1.doHandle(Ljava/lang/String;Lorg/eclipse/jetty/server/Request;Ljavax/servlet/http/HttpServletRequest;Ljavax/servlet/http/HttpServletResponse;)V+49
j  org.eclipse.jetty.server.handler.ScopedHandler.nextScope(Ljava/lang/String;Lorg/eclipse/jetty/server/Request;Ljavax/servlet/http/HttpServletRequest;Ljavax/servlet/http/HttpServletResponse;)V+38
j  org.eclipse.jetty.servlet.ServletHandler.doScope(Ljava/lang/String;Lorg/eclipse/jetty/server/Request;Ljavax/servlet/http/HttpServletRequest;Ljavax/servlet/http/HttpServletResponse;)V+192
j  org.eclipse.jetty.server.session.SessionHandler.doScope(Ljava/lang/String;Lorg/eclipse/jetty/server/Request;Ljavax/servlet/http/HttpServletRequest;Ljavax/servlet/http/HttpServletResponse;)V+309
j  org.eclipse.jetty.server.handler.ScopedHandler.nextScope(Ljava/lang/String;Lorg/eclipse/jetty/server/Request;Ljavax/servlet/http/HttpServletRequest;Ljavax/servlet/http/HttpServletResponse;)V+16
j  org.eclipse.jetty.server.handler.ContextHandler.doScope(Ljava/lang/String;Lorg/eclipse/jetty/server/Request;Ljavax/servlet/http/HttpServletRequest;Ljavax/servlet/http/HttpServletResponse;)V+382
j  org.eclipse.jetty.server.handler.ScopedHandler.handle(Ljava/lang/String;Lorg/eclipse/jetty/server/Request;Ljavax/servlet/http/HttpServletRequest;Ljavax/servlet/http/HttpServletResponse;)V+20
j  org.eclipse.jetty.server.handler.StatisticsHandler.handle(Ljava/lang/String;Lorg/eclipse/jetty/server/Request;Ljavax/servlet/http/HttpServletRequest;Ljavax/servlet/http/HttpServletResponse;)V+104
j  org.eclipse.jetty.server.handler.HandlerWrapper.handle(Ljava/lang/String;Lorg/eclipse/jetty/server/Request;Ljavax/servlet/http/HttpServletRequest;Ljavax/servlet/http/HttpServletResponse;)V+18
j  org.eclipse.jetty.server.Server.handle(Lorg/eclipse/jetty/server/HttpChannel;)V+149
j  org.eclipse.jetty.server.HttpChannel.lambda$handle$1()V+69
j  org.eclipse.jetty.server.HttpChannel$$Lambda$127.dispatch()V+4
j  org.eclipse.jetty.server.HttpChannel.dispatch(Ljavax/servlet/DispatcherType;Lorg/eclipse/jetty/server/HttpChannel$Dispatchable;)V+37
j  org.eclipse.jetty.server.HttpChannel.handle()Z+220
j  org.eclipse.jetty.server.HttpConnection.onFillable()V+120
j  org.eclipse.jetty.io.AbstractConnection$ReadCallback.succeeded()V+4
j  org.eclipse.jetty.io.FillInterest.fillable()Z+57
j  org.eclipse.jetty.io.ChannelEndPoint$1.run()V+7
j  org.eclipse.jetty.util.thread.strategy.EatWhatYouKill.runTask(Ljava/lang/Runnable;)V+1
j  org.eclipse.jetty.util.thread.strategy.EatWhatYouKill.doProduce(Z)Z+507
j  org.eclipse.jetty.util.thread.strategy.EatWhatYouKill.tryProduce(Z)V+134
j  org.eclipse.jetty.util.thread.strategy.EatWhatYouKill.run()V+2
j  org.eclipse.jetty.util.thread.ReservedThreadExecutor$ReservedThread.run()V+205
j  org.eclipse.jetty.util.thread.QueuedThreadPool.runJob(Ljava/lang/Runnable;)V+1
j  org.eclipse.jetty.util.thread.QueuedThreadPool$Runner.run()V+262
j  java.lang.Thread.run()V+11 java.base@11.0.12
v  ~StubRoutines::call_stub

siginfo: EXCEPTION_ACCESS_VIOLATION (0xc0000005), reading address 0x0000000000000028


Register to memory mapping:

RIP=0x000007fecec31c0f jvm.dll
RAX=0x0 is NULL
RBX=0x000000002aa8d828 is pointing into the stack for thread: 0x0000000028e00000
RCX=0x0000000026360058 is pointing into metadata
RDX=0x0000000000001f40 is an unknown value
RSP=0x000000002aa8d760 is pointing into the stack for thread: 0x0000000028e00000
RBP=0x000000002aa8d850 is pointing into the stack for thread: 0x0000000028e00000
RSI=0x00000000fffffffd is an unknown value
RDI=0x0000000028e00000 is a thread
R8 =0x00000000fffffffe is an unknown value
R9 =0x0000000000000007 is an unknown value
R10=0x0000000028fd7ea0 points into unknown readable memory: 0x0000001e00000008 | 08 00 00 00 1e 00 00 00
R11=0x0 is NULL
R12=0x000000002aa8d9c0 is pointing into the stack for thread: 0x0000000028e00000
R13=0x00000008000e9170 is a pointer to class: 
de.morrisbr.verify.network.objects.EventPlayer {0x00000008000e9178}
R14=0x0 is NULL
R15=0x00000008000e95a0 is a pointer to class: 
de.morrisbr.witzlecraft.network.objects.EventPlayer {0x00000008000e95a8}


Registers:
RAX=0x0000000000000000, RBX=0x000000002aa8d828, RCX=0x0000000026360058, RDX=0x0000000000001f40
RSP=0x000000002aa8d760, RBP=0x000000002aa8d850, RSI=0x00000000fffffffd, RDI=0x0000000028e00000
R8 =0x00000000fffffffe, R9 =0x0000000000000007, R10=0x0000000028fd7ea0, R11=0x0000000000000000
R12=0x000000002aa8d9c0, R13=0x00000008000e9170, R14=0x0000000000000000, R15=0x00000008000e95a0
RIP=0x000007fecec31c0f, EFLAGS=0x0000000000010202

Top of Stack: (sp=0x000000002aa8d760)
0x000000002aa8d760:   000000002aa8d8e0 000007fecec753e6
0x000000002aa8d770:   000000002d7941f0 00000008000e9170
0x000000002aa8d780:   000000002aa8d828 000007fecec31ec8
0x000000002aa8d790:   0000000028e00000 0000000028e00000
0x000000002aa8d7a0:   00000000283de120 00000000283de0f0
0x000000002aa8d7b0:   000000002aa8d828 000007feced6ddf6
0x000000002aa8d7c0:   000000002aa8d9e0 00000000fffffffd
0x000000002aa8d7d0:   0000000028e00000 000000000000000b
0x000000002aa8d7e0:   000000002aa8d8d0 000007fecef2798d
0x000000002aa8d7f0:   0000000028e00000 0000000028e00000
0x000000002aa8d800:   000000002635c701 000000002d7941f0
0x000000002aa8d810:   000000002d7941f0 0000000028e00000
0x000000002aa8d820:   0000000026360058 0000000026360058
0x000000002aa8d830:   0000000028e00000 0000000026360058
0x000000002aa8d840:   0000000028e00000 0000000028e00000
0x000000002aa8d850:   0000000028e00000 00000000000000b6 

Instructions: (pc=0x000007fecec31c0f)
0x000007fecec31b0f:   3c 03 0f 84 78 ff ff ff 4c 8b 45 38 41 80 b8 d0
0x000007fecec31b1f:   00 00 00 00 74 42 83 3d 30 8a 81 00 08 75 39 41
0x000007fecec31b2f:   8b 88 40 03 00 00 48 8b c3 49 2b 80 30 03 00 00
0x000007fecec31b3f:   4d 8b 80 b8 03 00 00 48 c1 e8 03 48 d3 e8 4c 8b
0x000007fecec31b4f:   c8 24 3f 49 c1 e9 06 0f b6 d0 4b 8b 04 c8 48 0f
0x000007fecec31b5f:   a3 d0 0f 83 28 ff ff ff 80 3d f3 20 88 00 00 74
0x000007fecec31b6f:   0e 8b 73 08 41 8b ca 48 d3 e6 49 03 f3 eb 04 48
0x000007fecec31b7f:   8b 73 08 48 8b d6 48 8b cb e8 f3 15 f9 ff 41 0f
0x000007fecec31b8f:   10 07 4c 63 56 0c 4c 8d 4c 24 20 4c 8b c6 48 63
0x000007fecec31b9f:   f8 48 8b d3 0f 29 44 24 20 49 8b cc 43 ff 54 d5
0x000007fecec31baf:   00 8b 05 8a 9b 81 00 ff c8 48 63 d0 48 8b 05 ae
0x000007fecec31bbf:   f3 87 00 48 3b f8 48 0f 47 c7 48 03 c2 48 f7 d2
0x000007fecec31bcf:   48 23 c2 e9 c4 fe ff ff cc cc cc cc cc cc cc cc
0x000007fecec31bdf:   cc 40 53 48 83 ec 20 48 8b d9 44 8b c2 48 8b 09
0x000007fecec31bef:   8b 41 20 c1 e8 0a a8 01 0f 85 b4 00 00 00 80 3d
0x000007fecec31bff:   b0 9e 81 00 00 74 13 48 8b 41 08 ba 40 1f 00 00
0x000007fecec31c0f:   66 39 50 28 0f 87 98 00 00 00 0f b7 41 28 83 c0
0x000007fecec31c1f:   fa 83 f8 20 77 1f 4c 8d 0d d4 e3 df ff 48 98 41
0x000007fecec31c2f:   0f b6 84 01 c4 1c 20 00 41 8b 94 81 bc 1c 20 00
0x000007fecec31c3f:   49 03 d1 ff e2 41 83 f8 fe 75 45 80 3d 1a a0 81
0x000007fecec31c4f:   00 00 74 26 41 8d 50 03 e8 e4 33 3b 00 84 c0 74
0x000007fecec31c5f:   11 48 8b 0b ba 04 00 00 00 e8 d3 33 3b 00 84 c0
0x000007fecec31c6f:   75 40 b0 01 48 83 c4 20 5b c3 8b 15 69 88 81 00
0x000007fecec31c7f:   e8 bc 33 3b 00 84 c0 0f 94 c0 48 83 c4 20 5b c3
0x000007fecec31c8f:   41 8d 40 ff 83 f8 02 76 06 41 83 f8 04 75 13 41
0x000007fecec31c9f:   8b d0 e8 9a 33 3b 00 84 c0 0f 94 c0 48 83 c4 20
0x000007fecec31caf:   5b c3 32 c0 48 83 c4 20 5b c3 0f 1f 00 b1 1c 20
0x000007fecec31cbf:   00 44 1c 20 00 00 01 01 01 00 01 01 01 00 00 01
0x000007fecec31ccf:   00 00 00 00 00 01 01 01 01 01 01 01 01 01 01 01
0x000007fecec31cdf:   01 01 01 01 00 00 cc cc cc cc cc cc cc cc cc cc
0x000007fecec31cef:   cc 48 89 5c 24 08 57 48 83 ec 20 8b da 48 8b f9
0x000007fecec31cff:   83 fa fe 75 3c 80 3d 60 9f 81 00 00 48 8b 09 74 


Stack slot to memory mapping:
stack at sp + 0 slots: 0x000000002aa8d8e0 is pointing into the stack for thread: 0x0000000028e00000
stack at sp + 1 slots: 0x000007fecec753e6 jvm.dll
stack at sp + 2 slots: 0x000000002d7941f0 is pointing into metadata
stack at sp + 3 slots: 0x00000008000e9170 is a pointer to class: 
de.morrisbr.verify.network.objects.EventPlayer {0x00000008000e9178}
stack at sp + 4 slots: 0x000000002aa8d828 is pointing into the stack for thread: 0x0000000028e00000
stack at sp + 5 slots: 0x000007fecec31ec8 jvm.dll
stack at sp + 6 slots: 0x0000000028e00000 is a thread
stack at sp + 7 slots: 0x0000000028e00000 is a thread


---------------  P R O C E S S  ---------------

Threads class SMR info:
_java_thread_list=0x000000002947fc40, length=23, elements={
0x0000000026349000, 0x000000002634b800, 0x0000000026350800, 0x0000000026354800,
0x0000000026356000, 0x0000000026f72800, 0x0000000026f73000, 0x0000000026fde800,
0x0000000027122000, 0x00000000281b0000, 0x000000002842b800, 0x00000000292cc800,
0x0000000028dfb000, 0x0000000028e00000, 0x0000000029162800, 0x0000000029163800,
0x0000000029165000, 0x0000000028f84800, 0x0000000028f85800, 0x0000000028f86000,
0x0000000028f87000, 0x0000000028f88000, 0x0000000028f88800
}

Java Threads: ( => current thread )
  0x0000000026349000 JavaThread "Reference Handler" daemon [_thread_blocked, id=8944, stack(0x0000000026d70000,0x0000000026e70000)]
  0x000000002634b800 JavaThread "Finalizer" daemon [_thread_blocked, id=8680, stack(0x0000000026e70000,0x0000000026f70000)]
  0x0000000026350800 JavaThread "Signal Dispatcher" daemon [_thread_blocked, id=3680, stack(0x00000000274b0000,0x00000000275b0000)]
  0x0000000026354800 JavaThread "Attach Listener" daemon [_thread_blocked, id=8852, stack(0x0000000027650000,0x0000000027750000)]
  0x0000000026356000 JavaThread "Service Thread" daemon [_thread_blocked, id=8732, stack(0x0000000027390000,0x0000000027490000)]
  0x0000000026f72800 JavaThread "C2 CompilerThread0" daemon [_thread_blocked, id=8204, stack(0x0000000027940000,0x0000000027a40000)]
  0x0000000026f73000 JavaThread "C1 CompilerThread0" daemon [_thread_blocked, id=5640, stack(0x00000000277c0000,0x00000000278c0000)]
  0x0000000026fde800 JavaThread "Sweeper thread" daemon [_thread_blocked, id=5184, stack(0x0000000027af0000,0x0000000027bf0000)]
  0x0000000027122000 JavaThread "Common-Cleaner" daemon [_thread_blocked, id=8920, stack(0x0000000027d70000,0x0000000027e70000)]
  0x00000000281b0000 JavaThread "Monitor Ctrl-Break" daemon [_thread_in_native, id=5780, stack(0x0000000028900000,0x0000000028a00000)]
  0x000000002842b800 JavaThread "Server" [_thread_in_native, id=6784, stack(0x0000000027e80000,0x0000000027f80000)]
  0x00000000292cc800 JavaThread "qtp543846639-15" [_thread_in_native, id=8608, stack(0x000000002a890000,0x000000002a990000)]
  0x0000000028dfb000 JavaThread "qtp543846639-16" [_thread_blocked, id=4644, stack(0x000000002a3b0000,0x000000002a4b0000)]
=>0x0000000028e00000 JavaThread "qtp543846639-17" [_thread_in_vm, id=4336, stack(0x000000002a990000,0x000000002aa90000)]
  0x0000000029162800 JavaThread "qtp543846639-18" [_thread_blocked, id=8436, stack(0x000000002aaf0000,0x000000002abf0000)]
  0x0000000029163800 JavaThread "qtp543846639-19" [_thread_in_native, id=7708, stack(0x000000002ac90000,0x000000002ad90000)]
  0x0000000029165000 JavaThread "qtp543846639-20" [_thread_blocked, id=5068, stack(0x000000002ae00000,0x000000002af00000)]
  0x0000000028f84800 JavaThread "qtp543846639-21-acceptor-0@656067c2-ServerConnector@38e79ae3{HTTP/1.1, (http/1.1)}{0.0.0.0:80}" [_thread_in_native, id=8880, stack(0x000000002af40000,0x000000002b040000)]
  0x0000000028f85800 JavaThread "qtp543846639-22" [_thread_blocked, id=8984, stack(0x000000002b0c0000,0x000000002b1c0000)]
  0x0000000028f86000 JavaThread "Scheduler-1087081975-1" [_thread_blocked, id=6696, stack(0x000000002b2a0000,0x000000002b3a0000)]
  0x0000000028f87000 JavaThread "Session-HouseKeeper-a2431d0-1" [_thread_blocked, id=8128, stack(0x000000002b470000,0x000000002b570000)]
  0x0000000028f88000 JavaThread "DestroyJavaVM" [_thread_blocked, id=9060, stack(0x00000000022c0000,0x00000000023c0000)]
  0x0000000028f88800 JavaThread "Connector-Scheduler-38e79ae3-1" [_thread_blocked, id=5528, stack(0x000000002b900000,0x000000002ba00000)]

Other Threads:
  0x0000000026335000 VMThread "VM Thread" [stack: 0x0000000026b60000,0x0000000026c60000] [id=8104]
  0x00000000281b5000 WatcherThread [stack: 0x0000000027bf0000,0x0000000027cf0000] [id=6580]
  0x00000000004ec000 GCTaskThread "GC Thread#0" [stack: 0x000000001a010000,0x000000001a110000] [id=8884]
  0x0000000028505800 GCTaskThread "GC Thread#1" [stack: 0x0000000029ff0000,0x000000002a0f0000] [id=6664]
  0x00000000286e4800 GCTaskThread "GC Thread#2" [stack: 0x000000002a100000,0x000000002a200000] [id=8244]
  0x00000000287a1800 GCTaskThread "GC Thread#3" [stack: 0x000000002a240000,0x000000002a340000] [id=5300]
  0x0000000000545000 ConcurrentGCThread "G1 Main Marker" [stack: 0x00000000237b0000,0x00000000238b0000] [id=9104]
  0x0000000000546800 ConcurrentGCThread "G1 Conc#0" [stack: 0x00000000235e0000,0x00000000236e0000] [id=8520]
  0x0000000025bc5000 ConcurrentGCThread "G1 Refine#0" [stack: 0x0000000025e90000,0x0000000025f90000] [id=8396]
  0x0000000025bc6000 ConcurrentGCThread "G1 Young RemSet Sampling" [stack: 0x0000000026060000,0x0000000026160000] [id=8848]

Threads with active compile tasks:

VM state:not at safepoint (normal execution)

VM Mutex/Monitor currently owned by a thread: None

Heap address: 0x000000070ce00000, size: 3890 MB, Compressed Oops mode: Zero based, Oop shift amount: 3
Narrow klass base: 0x0000000800000000, Narrow klass shift: 0
Compressed class space size: 1073741824 Address: 0x0000000800000000

Heap:
 garbage-first heap   total 249856K, used 44492K [0x000000070ce00000, 0x0000000800000000)
  region size 1024K, 29 young (29696K), 5 survivors (5120K)
 Metaspace       used 27288K, capacity 27810K, committed 28032K, reserved 1075200K
  class space    used 2908K, capacity 3089K, committed 3200K, reserved 1048576K
Heap Regions: E=young(eden), S=young(survivor), O=old, HS=humongous(starts), HC=humongous(continues), CS=collection set, F=free, A=archive, TAMS=top-at-mark-start (previous, next)
|   0|0x000000070ce00000, 0x000000070cf00000, 0x000000070cf00000|100%|HS|  |TAMS 0x000000070cf00000, 0x000000070ce00000| Complete 
|   1|0x000000070cf00000, 0x000000070d000000, 0x000000070d000000|100%|HC|  |TAMS 0x000000070d000000, 0x000000070cf00000| Complete 
|   2|0x000000070d000000, 0x000000070d100000, 0x000000070d100000|100%|HC|  |TAMS 0x000000070d100000, 0x000000070d000000| Complete 
|   3|0x000000070d100000, 0x000000070d200000, 0x000000070d200000|100%| O|  |TAMS 0x000000070d200000, 0x000000070d100000| Untracked 
|   4|0x000000070d200000, 0x000000070d300000, 0x000000070d300000|100%| O|  |TAMS 0x000000070d2a5200, 0x000000070d200000| Untracked 
|   5|0x000000070d300000, 0x000000070d400000, 0x000000070d400000|100%|HS|  |TAMS 0x000000070d300000, 0x000000070d300000| Complete 
|   6|0x000000070d400000, 0x000000070d500000, 0x000000070d500000|100%|HC|  |TAMS 0x000000070d400000, 0x000000070d400000| Complete 
|   7|0x000000070d500000, 0x000000070d600000, 0x000000070d600000|100%|HC|  |TAMS 0x000000070d500000, 0x000000070d500000| Complete 
|   8|0x000000070d600000, 0x000000070d700000, 0x000000070d700000|100%| O|  |TAMS 0x000000070d600000, 0x000000070d600000| Untracked 
|   9|0x000000070d700000, 0x000000070d800000, 0x000000070d800000|100%| O|  |TAMS 0x000000070d700000, 0x000000070d700000| Untracked 
|  10|0x000000070d800000, 0x000000070d900000, 0x000000070d900000|100%| O|  |TAMS 0x000000070d800000, 0x000000070d800000| Untracked 
|  11|0x000000070d900000, 0x000000070da00000, 0x000000070da00000|100%| O|  |TAMS 0x000000070d900000, 0x000000070d900000| Untracked 
|  12|0x000000070da00000, 0x000000070db00000, 0x000000070db00000|100%| O|  |TAMS 0x000000070da00000, 0x000000070da00000| Untracked 
|  13|0x000000070db00000, 0x000000070dc00000, 0x000000070dc00000|100%| O|  |TAMS 0x000000070db00000, 0x000000070db00000| Untracked 
|  14|0x000000070dc00000, 0x000000070dd00000, 0x000000070dd00000|100%| O|  |TAMS 0x000000070dc00000, 0x000000070dc00000| Untracked 
|  15|0x000000070dd00000, 0x000000070dd73000, 0x000000070de00000| 44%| O|  |TAMS 0x000000070dd00000, 0x000000070dd00000| Untracked 
|  16|0x000000070de00000, 0x000000070de00000, 0x000000070df00000|  0%| F|  |TAMS 0x000000070de00000, 0x000000070de00000| Untracked 
|  17|0x000000070df00000, 0x000000070df00000, 0x000000070e000000|  0%| F|  |TAMS 0x000000070df00000, 0x000000070df00000| Untracked 
|  18|0x000000070e000000, 0x000000070e000000, 0x000000070e100000|  0%| F|  |TAMS 0x000000070e000000, 0x000000070e000000| Untracked 
|  19|0x000000070e100000, 0x000000070e100000, 0x000000070e200000|  0%| F|  |TAMS 0x000000070e100000, 0x000000070e100000| Untracked 
|  20|0x000000070e200000, 0x000000070e200000, 0x000000070e300000|  0%| F|  |TAMS 0x000000070e200000, 0x000000070e200000| Untracked 
|  21|0x000000070e300000, 0x000000070e300000, 0x000000070e400000|  0%| F|  |TAMS 0x000000070e300000, 0x000000070e300000| Untracked 
|  22|0x000000070e400000, 0x000000070e400000, 0x000000070e500000|  0%| F|  |TAMS 0x000000070e400000, 0x000000070e400000| Untracked 
|  23|0x000000070e500000, 0x000000070e500000, 0x000000070e600000|  0%| F|  |TAMS 0x000000070e500000, 0x000000070e500000| Untracked 
|  24|0x000000070e600000, 0x000000070e600000, 0x000000070e700000|  0%| F|  |TAMS 0x000000070e600000, 0x000000070e600000| Untracked 
|  25|0x000000070e700000, 0x000000070e700000, 0x000000070e800000|  0%| F|  |TAMS 0x000000070e700000, 0x000000070e700000| Untracked 
|  26|0x000000070e800000, 0x000000070e800000, 0x000000070e900000|  0%| F|  |TAMS 0x000000070e800000, 0x000000070e800000| Untracked 
|  27|0x000000070e900000, 0x000000070e900000, 0x000000070ea00000|  0%| F|  |TAMS 0x000000070e900000, 0x000000070e900000| Untracked 
|  28|0x000000070ea00000, 0x000000070ea00000, 0x000000070eb00000|  0%| F|  |TAMS 0x000000070ea00000, 0x000000070ea00000| Untracked 
|  29|0x000000070eb00000, 0x000000070eb00000, 0x000000070ec00000|  0%| F|  |TAMS 0x000000070eb00000, 0x000000070eb00000| Untracked 
|  30|0x000000070ec00000, 0x000000070ec00000, 0x000000070ed00000|  0%| F|  |TAMS 0x000000070ec00000, 0x000000070ec00000| Untracked 
|  31|0x000000070ed00000, 0x000000070ed00000, 0x000000070ee00000|  0%| F|  |TAMS 0x000000070ed00000, 0x000000070ed00000| Untracked 
|  32|0x000000070ee00000, 0x000000070ee00000, 0x000000070ef00000|  0%| F|  |TAMS 0x000000070ee00000, 0x000000070ee00000| Untracked 
|  33|0x000000070ef00000, 0x000000070ef00000, 0x000000070f000000|  0%| F|  |TAMS 0x000000070ef00000, 0x000000070ef00000| Untracked 
|  34|0x000000070f000000, 0x000000070f000000, 0x000000070f100000|  0%| F|  |TAMS 0x000000070f000000, 0x000000070f000000| Untracked 
|  35|0x000000070f100000, 0x000000070f100000, 0x000000070f200000|  0%| F|  |TAMS 0x000000070f100000, 0x000000070f100000| Untracked 
|  36|0x000000070f200000, 0x000000070f200000, 0x000000070f300000|  0%| F|  |TAMS 0x000000070f200000, 0x000000070f200000| Untracked 
|  37|0x000000070f300000, 0x000000070f300000, 0x000000070f400000|  0%| F|  |TAMS 0x000000070f300000, 0x000000070f300000| Untracked 
|  38|0x000000070f400000, 0x000000070f400000, 0x000000070f500000|  0%| F|  |TAMS 0x000000070f400000, 0x000000070f400000| Untracked 
|  39|0x000000070f500000, 0x000000070f500000, 0x000000070f600000|  0%| F|  |TAMS 0x000000070f500000, 0x000000070f500000| Untracked 
|  40|0x000000070f600000, 0x000000070f600000, 0x000000070f700000|  0%| F|  |TAMS 0x000000070f600000, 0x000000070f600000| Untracked 
|  41|0x000000070f700000, 0x000000070f700000, 0x000000070f800000|  0%| F|  |TAMS 0x000000070f700000, 0x000000070f700000| Untracked 
|  42|0x000000070f800000, 0x000000070f800000, 0x000000070f900000|  0%| F|  |TAMS 0x000000070f800000, 0x000000070f800000| Untracked 
|  43|0x000000070f900000, 0x000000070f900000, 0x000000070fa00000|  0%| F|  |TAMS 0x000000070f900000, 0x000000070f900000| Untracked 
|  44|0x000000070fa00000, 0x000000070fa00000, 0x000000070fb00000|  0%| F|  |TAMS 0x000000070fa00000, 0x000000070fa00000| Untracked 
|  45|0x000000070fb00000, 0x000000070fb00000, 0x000000070fc00000|  0%| F|  |TAMS 0x000000070fb00000, 0x000000070fb00000| Untracked 
|  46|0x000000070fc00000, 0x000000070fc00000, 0x000000070fd00000|  0%| F|  |TAMS 0x000000070fc00000, 0x000000070fc00000| Untracked 
|  47|0x000000070fd00000, 0x000000070fd00000, 0x000000070fe00000|  0%| F|  |TAMS 0x000000070fd00000, 0x000000070fd00000| Untracked 
|  48|0x000000070fe00000, 0x000000070fe00000, 0x000000070ff00000|  0%| F|  |TAMS 0x000000070fe00000, 0x000000070fe00000| Untracked 
|  49|0x000000070ff00000, 0x000000070ff00000, 0x0000000710000000|  0%| F|  |TAMS 0x000000070ff00000, 0x000000070ff00000| Untracked 
|  50|0x0000000710000000, 0x0000000710000000, 0x0000000710100000|  0%| F|  |TAMS 0x0000000710000000, 0x0000000710000000| Untracked 
|  51|0x0000000710100000, 0x0000000710100000, 0x0000000710200000|  0%| F|  |TAMS 0x0000000710100000, 0x0000000710100000| Untracked 
|  52|0x0000000710200000, 0x0000000710200000, 0x0000000710300000|  0%| F|  |TAMS 0x0000000710200000, 0x0000000710200000| Untracked 
|  53|0x0000000710300000, 0x0000000710300000, 0x0000000710400000|  0%| F|  |TAMS 0x0000000710300000, 0x0000000710300000| Untracked 
|  54|0x0000000710400000, 0x0000000710400000, 0x0000000710500000|  0%| F|  |TAMS 0x0000000710400000, 0x0000000710400000| Untracked 
|  55|0x0000000710500000, 0x0000000710500000, 0x0000000710600000|  0%| F|  |TAMS 0x0000000710500000, 0x0000000710500000| Untracked 
|  56|0x0000000710600000, 0x0000000710600000, 0x0000000710700000|  0%| F|  |TAMS 0x0000000710600000, 0x0000000710600000| Untracked 
|  57|0x0000000710700000, 0x0000000710700000, 0x0000000710800000|  0%| F|  |TAMS 0x0000000710700000, 0x0000000710700000| Untracked 
|  58|0x0000000710800000, 0x0000000710800000, 0x0000000710900000|  0%| F|  |TAMS 0x0000000710800000, 0x0000000710800000| Untracked 
|  59|0x0000000710900000, 0x0000000710900000, 0x0000000710a00000|  0%| F|  |TAMS 0x0000000710900000, 0x0000000710900000| Untracked 
|  60|0x0000000710a00000, 0x0000000710a00000, 0x0000000710b00000|  0%| F|  |TAMS 0x0000000710a00000, 0x0000000710a00000| Untracked 
|  61|0x0000000710b00000, 0x0000000710b00000, 0x0000000710c00000|  0%| F|  |TAMS 0x0000000710b00000, 0x0000000710b00000| Untracked 
|  62|0x0000000710c00000, 0x0000000710c00000, 0x0000000710d00000|  0%| F|  |TAMS 0x0000000710c00000, 0x0000000710c00000| Untracked 
|  63|0x0000000710d00000, 0x0000000710d00000, 0x0000000710e00000|  0%| F|  |TAMS 0x0000000710d00000, 0x0000000710d00000| Untracked 
|  64|0x0000000710e00000, 0x0000000710e00000, 0x0000000710f00000|  0%| F|  |TAMS 0x0000000710e00000, 0x0000000710e00000| Untracked 
|  65|0x0000000710f00000, 0x0000000710f00000, 0x0000000711000000|  0%| F|  |TAMS 0x0000000710f00000, 0x0000000710f00000| Untracked 
|  66|0x0000000711000000, 0x0000000711000000, 0x0000000711100000|  0%| F|  |TAMS 0x0000000711000000, 0x0000000711000000| Untracked 
|  67|0x0000000711100000, 0x0000000711100000, 0x0000000711200000|  0%| F|  |TAMS 0x0000000711100000, 0x0000000711100000| Untracked 
|  68|0x0000000711200000, 0x0000000711200000, 0x0000000711300000|  0%| F|  |TAMS 0x0000000711200000, 0x0000000711200000| Untracked 
|  69|0x0000000711300000, 0x0000000711300000, 0x0000000711400000|  0%| F|  |TAMS 0x0000000711300000, 0x0000000711300000| Untracked 
|  70|0x0000000711400000, 0x0000000711400000, 0x0000000711500000|  0%| F|  |TAMS 0x0000000711400000, 0x0000000711400000| Untracked 
|  71|0x0000000711500000, 0x0000000711500000, 0x0000000711600000|  0%| F|  |TAMS 0x0000000711500000, 0x0000000711500000| Untracked 
|  72|0x0000000711600000, 0x0000000711600000, 0x0000000711700000|  0%| F|  |TAMS 0x0000000711600000, 0x0000000711600000| Untracked 
|  73|0x0000000711700000, 0x0000000711700000, 0x0000000711800000|  0%| F|  |TAMS 0x0000000711700000, 0x0000000711700000| Untracked 
|  74|0x0000000711800000, 0x0000000711800000, 0x0000000711900000|  0%| F|  |TAMS 0x0000000711800000, 0x0000000711800000| Untracked 
|  75|0x0000000711900000, 0x0000000711900000, 0x0000000711a00000|  0%| F|  |TAMS 0x0000000711900000, 0x0000000711900000| Untracked 
|  76|0x0000000711a00000, 0x0000000711a00000, 0x0000000711b00000|  0%| F|  |TAMS 0x0000000711a00000, 0x0000000711a00000| Untracked 
|  77|0x0000000711b00000, 0x0000000711b00000, 0x0000000711c00000|  0%| F|  |TAMS 0x0000000711b00000, 0x0000000711b00000| Untracked 
|  78|0x0000000711c00000, 0x0000000711c00000, 0x0000000711d00000|  0%| F|  |TAMS 0x0000000711c00000, 0x0000000711c00000| Untracked 
|  79|0x0000000711d00000, 0x0000000711d00000, 0x0000000711e00000|  0%| F|  |TAMS 0x0000000711d00000, 0x0000000711d00000| Untracked 
|  80|0x0000000711e00000, 0x0000000711e00000, 0x0000000711f00000|  0%| F|  |TAMS 0x0000000711e00000, 0x0000000711e00000| Untracked 
|  81|0x0000000711f00000, 0x0000000711f00000, 0x0000000712000000|  0%| F|  |TAMS 0x0000000711f00000, 0x0000000711f00000| Untracked 
|  82|0x0000000712000000, 0x0000000712000000, 0x0000000712100000|  0%| F|  |TAMS 0x0000000712000000, 0x0000000712000000| Untracked 
|  83|0x0000000712100000, 0x0000000712100000, 0x0000000712200000|  0%| F|  |TAMS 0x0000000712100000, 0x0000000712100000| Untracked 
|  84|0x0000000712200000, 0x0000000712200000, 0x0000000712300000|  0%| F|  |TAMS 0x0000000712200000, 0x0000000712200000| Untracked 
|  85|0x0000000712300000, 0x0000000712300000, 0x0000000712400000|  0%| F|  |TAMS 0x0000000712300000, 0x0000000712300000| Untracked 
|  86|0x0000000712400000, 0x0000000712400000, 0x0000000712500000|  0%| F|  |TAMS 0x0000000712400000, 0x0000000712400000| Untracked 
|  87|0x0000000712500000, 0x0000000712500000, 0x0000000712600000|  0%| F|  |TAMS 0x0000000712500000, 0x0000000712500000| Untracked 
|  88|0x0000000712600000, 0x0000000712600000, 0x0000000712700000|  0%| F|  |TAMS 0x0000000712600000, 0x0000000712600000| Untracked 
|  89|0x0000000712700000, 0x0000000712700000, 0x0000000712800000|  0%| F|  |TAMS 0x0000000712700000, 0x0000000712700000| Untracked 
|  90|0x0000000712800000, 0x0000000712800000, 0x0000000712900000|  0%| F|  |TAMS 0x0000000712800000, 0x0000000712800000| Untracked 
|  91|0x0000000712900000, 0x0000000712900000, 0x0000000712a00000|  0%| F|  |TAMS 0x0000000712900000, 0x0000000712900000| Untracked 
|  92|0x0000000712a00000, 0x0000000712a00000, 0x0000000712b00000|  0%| F|  |TAMS 0x0000000712a00000, 0x0000000712a00000| Untracked 
|  93|0x0000000712b00000, 0x0000000712b00000, 0x0000000712c00000|  0%| F|  |TAMS 0x0000000712b00000, 0x0000000712b00000| Untracked 
|  94|0x0000000712c00000, 0x0000000712c00000, 0x0000000712d00000|  0%| F|  |TAMS 0x0000000712c00000, 0x0000000712c00000| Untracked 
|  95|0x0000000712d00000, 0x0000000712d00000, 0x0000000712e00000|  0%| F|  |TAMS 0x0000000712d00000, 0x0000000712d00000| Untracked 
|  96|0x0000000712e00000, 0x0000000712e00000, 0x0000000712f00000|  0%| F|  |TAMS 0x0000000712e00000, 0x0000000712e00000| Untracked 
|  97|0x0000000712f00000, 0x0000000712f00000, 0x0000000713000000|  0%| F|  |TAMS 0x0000000712f00000, 0x0000000712f00000| Untracked 
|  98|0x0000000713000000, 0x0000000713000000, 0x0000000713100000|  0%| F|  |TAMS 0x0000000713000000, 0x0000000713000000| Untracked 
|  99|0x0000000713100000, 0x0000000713100000, 0x0000000713200000|  0%| F|  |TAMS 0x0000000713100000, 0x0000000713100000| Untracked 
| 100|0x0000000713200000, 0x0000000713200000, 0x0000000713300000|  0%| F|  |TAMS 0x0000000713200000, 0x0000000713200000| Untracked 
| 101|0x0000000713300000, 0x0000000713300000, 0x0000000713400000|  0%| F|  |TAMS 0x0000000713300000, 0x0000000713300000| Untracked 
| 102|0x0000000713400000, 0x0000000713400000, 0x0000000713500000|  0%| F|  |TAMS 0x0000000713400000, 0x0000000713400000| Untracked 
| 103|0x0000000713500000, 0x0000000713500000, 0x0000000713600000|  0%| F|  |TAMS 0x0000000713500000, 0x0000000713500000| Untracked 
| 104|0x0000000713600000, 0x0000000713600000, 0x0000000713700000|  0%| F|  |TAMS 0x0000000713600000, 0x0000000713600000| Untracked 
| 105|0x0000000713700000, 0x0000000713700000, 0x0000000713800000|  0%| F|  |TAMS 0x0000000713700000, 0x0000000713700000| Untracked 
| 106|0x0000000713800000, 0x0000000713800000, 0x0000000713900000|  0%| F|  |TAMS 0x0000000713800000, 0x0000000713800000| Untracked 
| 107|0x0000000713900000, 0x0000000713900000, 0x0000000713a00000|  0%| F|  |TAMS 0x0000000713900000, 0x0000000713900000| Untracked 
| 108|0x0000000713a00000, 0x0000000713a00000, 0x0000000713b00000|  0%| F|  |TAMS 0x0000000713a00000, 0x0000000713a00000| Untracked 
| 109|0x0000000713b00000, 0x0000000713b00000, 0x0000000713c00000|  0%| F|  |TAMS 0x0000000713b00000, 0x0000000713b00000| Untracked 
| 110|0x0000000713c00000, 0x0000000713c00000, 0x0000000713d00000|  0%| F|  |TAMS 0x0000000713c00000, 0x0000000713c00000| Untracked 
| 111|0x0000000713d00000, 0x0000000713d00000, 0x0000000713e00000|  0%| F|  |TAMS 0x0000000713d00000, 0x0000000713d00000| Untracked 
| 112|0x0000000713e00000, 0x0000000713e00000, 0x0000000713f00000|  0%| F|  |TAMS 0x0000000713e00000, 0x0000000713e00000| Untracked 
| 113|0x0000000713f00000, 0x0000000713f00000, 0x0000000714000000|  0%| F|  |TAMS 0x0000000713f00000, 0x0000000713f00000| Untracked 
| 114|0x0000000714000000, 0x0000000714000000, 0x0000000714100000|  0%| F|  |TAMS 0x0000000714000000, 0x0000000714000000| Untracked 
| 115|0x0000000714100000, 0x0000000714100000, 0x0000000714200000|  0%| F|  |TAMS 0x0000000714100000, 0x0000000714100000| Untracked 
| 116|0x0000000714200000, 0x0000000714200000, 0x0000000714300000|  0%| F|  |TAMS 0x0000000714200000, 0x0000000714200000| Untracked 
| 117|0x0000000714300000, 0x0000000714300000, 0x0000000714400000|  0%| F|  |TAMS 0x0000000714300000, 0x0000000714300000| Untracked 
| 118|0x0000000714400000, 0x0000000714400000, 0x0000000714500000|  0%| F|  |TAMS 0x0000000714400000, 0x0000000714400000| Untracked 
| 119|0x0000000714500000, 0x0000000714500000, 0x0000000714600000|  0%| F|  |TAMS 0x0000000714500000, 0x0000000714500000| Untracked 
| 120|0x0000000714600000, 0x0000000714600000, 0x0000000714700000|  0%| F|  |TAMS 0x0000000714600000, 0x0000000714600000| Untracked 
| 121|0x0000000714700000, 0x0000000714700000, 0x0000000714800000|  0%| F|  |TAMS 0x0000000714700000, 0x0000000714700000| Untracked 
| 122|0x0000000714800000, 0x0000000714800000, 0x0000000714900000|  0%| F|  |TAMS 0x0000000714800000, 0x0000000714800000| Untracked 
| 123|0x0000000714900000, 0x0000000714900000, 0x0000000714a00000|  0%| F|  |TAMS 0x0000000714900000, 0x0000000714900000| Untracked 
| 124|0x0000000714a00000, 0x0000000714a00000, 0x0000000714b00000|  0%| F|  |TAMS 0x0000000714a00000, 0x0000000714a00000| Untracked 
| 125|0x0000000714b00000, 0x0000000714b00000, 0x0000000714c00000|  0%| F|  |TAMS 0x0000000714b00000, 0x0000000714b00000| Untracked 
| 126|0x0000000714c00000, 0x0000000714c00000, 0x0000000714d00000|  0%| F|  |TAMS 0x0000000714c00000, 0x0000000714c00000| Untracked 
| 127|0x0000000714d00000, 0x0000000714d00000, 0x0000000714e00000|  0%| F|  |TAMS 0x0000000714d00000, 0x0000000714d00000| Untracked 
| 128|0x0000000714e00000, 0x0000000714e00000, 0x0000000714f00000|  0%| F|  |TAMS 0x0000000714e00000, 0x0000000714e00000| Untracked 
| 129|0x0000000714f00000, 0x0000000714f00000, 0x0000000715000000|  0%| F|  |TAMS 0x0000000714f00000, 0x0000000714f00000| Untracked 
| 130|0x0000000715000000, 0x0000000715000000, 0x0000000715100000|  0%| F|  |TAMS 0x0000000715000000, 0x0000000715000000| Untracked 
| 131|0x0000000715100000, 0x0000000715100000, 0x0000000715200000|  0%| F|  |TAMS 0x0000000715100000, 0x0000000715100000| Untracked 
| 132|0x0000000715200000, 0x0000000715200000, 0x0000000715300000|  0%| F|  |TAMS 0x0000000715200000, 0x0000000715200000| Untracked 
| 133|0x0000000715300000, 0x0000000715300000, 0x0000000715400000|  0%| F|  |TAMS 0x0000000715300000, 0x0000000715300000| Untracked 
| 134|0x0000000715400000, 0x0000000715400000, 0x0000000715500000|  0%| F|  |TAMS 0x0000000715400000, 0x0000000715400000| Untracked 
| 135|0x0000000715500000, 0x0000000715500000, 0x0000000715600000|  0%| F|  |TAMS 0x0000000715500000, 0x0000000715500000| Untracked 
| 136|0x0000000715600000, 0x0000000715600000, 0x0000000715700000|  0%| F|  |TAMS 0x0000000715600000, 0x0000000715600000| Untracked 
| 137|0x0000000715700000, 0x0000000715700000, 0x0000000715800000|  0%| F|  |TAMS 0x0000000715700000, 0x0000000715700000| Untracked 
| 138|0x0000000715800000, 0x0000000715800000, 0x0000000715900000|  0%| F|  |TAMS 0x0000000715800000, 0x0000000715800000| Untracked 
| 139|0x0000000715900000, 0x0000000715900000, 0x0000000715a00000|  0%| F|  |TAMS 0x0000000715900000, 0x0000000715900000| Untracked 
| 140|0x0000000715a00000, 0x0000000715a00000, 0x0000000715b00000|  0%| F|  |TAMS 0x0000000715a00000, 0x0000000715a00000| Untracked 
| 141|0x0000000715b00000, 0x0000000715b00000, 0x0000000715c00000|  0%| F|  |TAMS 0x0000000715b00000, 0x0000000715b00000| Untracked 
| 142|0x0000000715c00000, 0x0000000715c00000, 0x0000000715d00000|  0%| F|  |TAMS 0x0000000715c00000, 0x0000000715c00000| Untracked 
| 143|0x0000000715d00000, 0x0000000715d00000, 0x0000000715e00000|  0%| F|  |TAMS 0x0000000715d00000, 0x0000000715d00000| Untracked 
| 144|0x0000000715e00000, 0x0000000715e00000, 0x0000000715f00000|  0%| F|  |TAMS 0x0000000715e00000, 0x0000000715e00000| Untracked 
| 145|0x0000000715f00000, 0x0000000715f00000, 0x0000000716000000|  0%| F|  |TAMS 0x0000000715f00000, 0x0000000715f00000| Untracked 
| 146|0x0000000716000000, 0x0000000716000000, 0x0000000716100000|  0%| F|  |TAMS 0x0000000716000000, 0x0000000716000000| Untracked 
| 147|0x0000000716100000, 0x0000000716100000, 0x0000000716200000|  0%| F|  |TAMS 0x0000000716100000, 0x0000000716100000| Untracked 
| 148|0x0000000716200000, 0x0000000716200000, 0x0000000716300000|  0%| F|  |TAMS 0x0000000716200000, 0x0000000716200000| Untracked 
| 149|0x0000000716300000, 0x0000000716300000, 0x0000000716400000|  0%| F|  |TAMS 0x0000000716300000, 0x0000000716300000| Untracked 
| 150|0x0000000716400000, 0x0000000716400000, 0x0000000716500000|  0%| F|  |TAMS 0x0000000716400000, 0x0000000716400000| Untracked 
| 151|0x0000000716500000, 0x0000000716500000, 0x0000000716600000|  0%| F|  |TAMS 0x0000000716500000, 0x0000000716500000| Untracked 
| 152|0x0000000716600000, 0x0000000716600000, 0x0000000716700000|  0%| F|  |TAMS 0x0000000716600000, 0x0000000716600000| Untracked 
| 153|0x0000000716700000, 0x0000000716700000, 0x0000000716800000|  0%| F|  |TAMS 0x0000000716700000, 0x0000000716700000| Untracked 
| 154|0x0000000716800000, 0x0000000716800000, 0x0000000716900000|  0%| F|  |TAMS 0x0000000716800000, 0x0000000716800000| Untracked 
| 155|0x0000000716900000, 0x0000000716900000, 0x0000000716a00000|  0%| F|  |TAMS 0x0000000716900000, 0x0000000716900000| Untracked 
| 156|0x0000000716a00000, 0x0000000716a00000, 0x0000000716b00000|  0%| F|  |TAMS 0x0000000716a00000, 0x0000000716a00000| Untracked 
| 157|0x0000000716b00000, 0x0000000716b00000, 0x0000000716c00000|  0%| F|  |TAMS 0x0000000716b00000, 0x0000000716b00000| Untracked 
| 158|0x0000000716c00000, 0x0000000716c00000, 0x0000000716d00000|  0%| F|  |TAMS 0x0000000716c00000, 0x0000000716c00000| Untracked 
| 159|0x0000000716d00000, 0x0000000716d00000, 0x0000000716e00000|  0%| F|  |TAMS 0x0000000716d00000, 0x0000000716d00000| Untracked 
| 160|0x0000000716e00000, 0x0000000716e00000, 0x0000000716f00000|  0%| F|  |TAMS 0x0000000716e00000, 0x0000000716e00000| Untracked 
| 161|0x0000000716f00000, 0x0000000716f00000, 0x0000000717000000|  0%| F|  |TAMS 0x0000000716f00000, 0x0000000716f00000| Untracked 
| 162|0x0000000717000000, 0x0000000717000000, 0x0000000717100000|  0%| F|  |TAMS 0x0000000717000000, 0x0000000717000000| Untracked 
| 163|0x0000000717100000, 0x0000000717100000, 0x0000000717200000|  0%| F|  |TAMS 0x0000000717100000, 0x0000000717100000| Untracked 
| 164|0x0000000717200000, 0x0000000717200000, 0x0000000717300000|  0%| F|  |TAMS 0x0000000717200000, 0x0000000717200000| Untracked 
| 165|0x0000000717300000, 0x0000000717300000, 0x0000000717400000|  0%| F|  |TAMS 0x0000000717300000, 0x0000000717300000| Untracked 
| 166|0x0000000717400000, 0x0000000717400000, 0x0000000717500000|  0%| F|  |TAMS 0x0000000717400000, 0x0000000717400000| Untracked 
| 167|0x0000000717500000, 0x0000000717500000, 0x0000000717600000|  0%| F|  |TAMS 0x0000000717500000, 0x0000000717500000| Untracked 
| 168|0x0000000717600000, 0x0000000717600000, 0x0000000717700000|  0%| F|  |TAMS 0x0000000717600000, 0x0000000717600000| Untracked 
| 169|0x0000000717700000, 0x0000000717700000, 0x0000000717800000|  0%| F|  |TAMS 0x0000000717700000, 0x0000000717700000| Untracked 
| 170|0x0000000717800000, 0x0000000717800000, 0x0000000717900000|  0%| F|  |TAMS 0x0000000717800000, 0x0000000717800000| Untracked 
| 171|0x0000000717900000, 0x0000000717900000, 0x0000000717a00000|  0%| F|  |TAMS 0x0000000717900000, 0x0000000717900000| Untracked 
| 172|0x0000000717a00000, 0x0000000717a00000, 0x0000000717b00000|  0%| F|  |TAMS 0x0000000717a00000, 0x0000000717a00000| Untracked 
| 173|0x0000000717b00000, 0x0000000717b00000, 0x0000000717c00000|  0%| F|  |TAMS 0x0000000717b00000, 0x0000000717b00000| Untracked 
| 174|0x0000000717c00000, 0x0000000717c00000, 0x0000000717d00000|  0%| F|  |TAMS 0x0000000717c00000, 0x0000000717c00000| Untracked 
| 175|0x0000000717d00000, 0x0000000717d00000, 0x0000000717e00000|  0%| F|  |TAMS 0x0000000717d00000, 0x0000000717d00000| Untracked 
| 176|0x0000000717e00000, 0x0000000717e00000, 0x0000000717f00000|  0%| F|  |TAMS 0x0000000717e00000, 0x0000000717e00000| Untracked 
| 177|0x0000000717f00000, 0x0000000717f00000, 0x0000000718000000|  0%| F|  |TAMS 0x0000000717f00000, 0x0000000717f00000| Untracked 
| 178|0x0000000718000000, 0x0000000718000000, 0x0000000718100000|  0%| F|  |TAMS 0x0000000718000000, 0x0000000718000000| Untracked 
| 179|0x0000000718100000, 0x0000000718100000, 0x0000000718200000|  0%| F|  |TAMS 0x0000000718100000, 0x0000000718100000| Untracked 
| 180|0x0000000718200000, 0x0000000718200000, 0x0000000718300000|  0%| F|  |TAMS 0x0000000718200000, 0x0000000718200000| Untracked 
| 181|0x0000000718300000, 0x0000000718300000, 0x0000000718400000|  0%| F|  |TAMS 0x0000000718300000, 0x0000000718300000| Untracked 
| 182|0x0000000718400000, 0x0000000718400000, 0x0000000718500000|  0%| F|  |TAMS 0x0000000718400000, 0x0000000718400000| Untracked 
| 183|0x0000000718500000, 0x0000000718500000, 0x0000000718600000|  0%| F|  |TAMS 0x0000000718500000, 0x0000000718500000| Untracked 
| 184|0x0000000718600000, 0x0000000718600000, 0x0000000718700000|  0%| F|  |TAMS 0x0000000718600000, 0x0000000718600000| Untracked 
| 185|0x0000000718700000, 0x0000000718700000, 0x0000000718800000|  0%| F|  |TAMS 0x0000000718700000, 0x0000000718700000| Untracked 
| 186|0x0000000718800000, 0x0000000718800000, 0x0000000718900000|  0%| F|  |TAMS 0x0000000718800000, 0x0000000718800000| Untracked 
| 187|0x0000000718900000, 0x0000000718900000, 0x0000000718a00000|  0%| F|  |TAMS 0x0000000718900000, 0x0000000718900000| Untracked 
| 188|0x0000000718a00000, 0x0000000718a00000, 0x0000000718b00000|  0%| F|  |TAMS 0x0000000718a00000, 0x0000000718a00000| Untracked 
| 189|0x0000000718b00000, 0x0000000718b00000, 0x0000000718c00000|  0%| F|  |TAMS 0x0000000718b00000, 0x0000000718b00000| Untracked 
| 190|0x0000000718c00000, 0x0000000718c00000, 0x0000000718d00000|  0%| F|  |TAMS 0x0000000718c00000, 0x0000000718c00000| Untracked 
| 191|0x0000000718d00000, 0x0000000718d00000, 0x0000000718e00000|  0%| F|  |TAMS 0x0000000718d00000, 0x0000000718d00000| Untracked 
| 192|0x0000000718e00000, 0x0000000718e00000, 0x0000000718f00000|  0%| F|  |TAMS 0x0000000718e00000, 0x0000000718e00000| Untracked 
| 193|0x0000000718f00000, 0x0000000718f00000, 0x0000000719000000|  0%| F|  |TAMS 0x0000000718f00000, 0x0000000718f00000| Untracked 
| 194|0x0000000719000000, 0x0000000719000000, 0x0000000719100000|  0%| F|  |TAMS 0x0000000719000000, 0x0000000719000000| Untracked 
| 195|0x0000000719100000, 0x0000000719100000, 0x0000000719200000|  0%| F|  |TAMS 0x0000000719100000, 0x0000000719100000| Untracked 
| 196|0x0000000719200000, 0x0000000719200000, 0x0000000719300000|  0%| F|  |TAMS 0x0000000719200000, 0x0000000719200000| Untracked 
| 197|0x0000000719300000, 0x0000000719300000, 0x0000000719400000|  0%| F|  |TAMS 0x0000000719300000, 0x0000000719300000| Untracked 
| 198|0x0000000719400000, 0x0000000719400000, 0x0000000719500000|  0%| F|  |TAMS 0x0000000719400000, 0x0000000719400000| Untracked 
| 199|0x0000000719500000, 0x0000000719500000, 0x0000000719600000|  0%| F|  |TAMS 0x0000000719500000, 0x0000000719500000| Untracked 
| 200|0x0000000719600000, 0x0000000719600000, 0x0000000719700000|  0%| F|  |TAMS 0x0000000719600000, 0x0000000719600000| Untracked 
| 201|0x0000000719700000, 0x0000000719700000, 0x0000000719800000|  0%| F|  |TAMS 0x0000000719700000, 0x0000000719700000| Untracked 
| 202|0x0000000719800000, 0x0000000719800000, 0x0000000719900000|  0%| F|  |TAMS 0x0000000719800000, 0x0000000719800000| Untracked 
| 203|0x0000000719900000, 0x0000000719900000, 0x0000000719a00000|  0%| F|  |TAMS 0x0000000719900000, 0x0000000719900000| Untracked 
| 204|0x0000000719a00000, 0x0000000719a00000, 0x0000000719b00000|  0%| F|  |TAMS 0x0000000719a00000, 0x0000000719a00000| Untracked 
| 205|0x0000000719b00000, 0x0000000719b00000, 0x0000000719c00000|  0%| F|  |TAMS 0x0000000719b00000, 0x0000000719b00000| Untracked 
| 206|0x0000000719c00000, 0x0000000719d00000, 0x0000000719d00000|100%| S|CS|TAMS 0x0000000719c00000, 0x0000000719c00000| Complete 
| 207|0x0000000719d00000, 0x0000000719e00000, 0x0000000719e00000|100%| S|CS|TAMS 0x0000000719d00000, 0x0000000719d00000| Complete 
| 208|0x0000000719e00000, 0x0000000719f00000, 0x0000000719f00000|100%| S|CS|TAMS 0x0000000719e00000, 0x0000000719e00000| Complete 
| 209|0x0000000719f00000, 0x000000071a000000, 0x000000071a000000|100%| S|CS|TAMS 0x0000000719f00000, 0x0000000719f00000| Complete 
| 210|0x000000071a000000, 0x000000071a000000, 0x000000071a100000|  0%| F|  |TAMS 0x000000071a000000, 0x000000071a000000| Untracked 
| 211|0x000000071a100000, 0x000000071a100000, 0x000000071a200000|  0%| F|  |TAMS 0x000000071a100000, 0x000000071a100000| Untracked 
| 212|0x000000071a200000, 0x000000071a200000, 0x000000071a300000|  0%| F|  |TAMS 0x000000071a200000, 0x000000071a200000| Untracked 
| 213|0x000000071a300000, 0x000000071a300000, 0x000000071a400000|  0%| F|  |TAMS 0x000000071a300000, 0x000000071a300000| Untracked 
| 214|0x000000071a400000, 0x000000071a400000, 0x000000071a500000|  0%| F|  |TAMS 0x000000071a400000, 0x000000071a400000| Untracked 
| 215|0x000000071a500000, 0x000000071a600000, 0x000000071a600000|100%| S|CS|TAMS 0x000000071a500000, 0x000000071a500000| Complete 
| 216|0x000000071a600000, 0x000000071a600000, 0x000000071a700000|  0%| F|  |TAMS 0x000000071a600000, 0x000000071a600000| Untracked 
| 217|0x000000071a700000, 0x000000071a700000, 0x000000071a800000|  0%| F|  |TAMS 0x000000071a700000, 0x000000071a700000| Untracked 
| 218|0x000000071a800000, 0x000000071a800000, 0x000000071a900000|  0%| F|  |TAMS 0x000000071a800000, 0x000000071a800000| Untracked 
| 219|0x000000071a900000, 0x000000071a900000, 0x000000071aa00000|  0%| F|  |TAMS 0x000000071a900000, 0x000000071a900000| Untracked 
| 220|0x000000071aa00000, 0x000000071aaec5f0, 0x000000071ab00000| 92%| E|  |TAMS 0x000000071aa00000, 0x000000071aa00000| Complete 
| 221|0x000000071ab00000, 0x000000071ac00000, 0x000000071ac00000|100%| E|CS|TAMS 0x000000071ab00000, 0x000000071ab00000| Complete 
| 222|0x000000071ac00000, 0x000000071ad00000, 0x000000071ad00000|100%| E|CS|TAMS 0x000000071ac00000, 0x000000071ac00000| Complete 
| 223|0x000000071ad00000, 0x000000071ae00000, 0x000000071ae00000|100%| E|CS|TAMS 0x000000071ad00000, 0x000000071ad00000| Complete 
| 224|0x000000071ae00000, 0x000000071af00000, 0x000000071af00000|100%| E|CS|TAMS 0x000000071ae00000, 0x000000071ae00000| Complete 
| 225|0x000000071af00000, 0x000000071b000000, 0x000000071b000000|100%| E|CS|TAMS 0x000000071af00000, 0x000000071af00000| Complete 
| 226|0x000000071b000000, 0x000000071b100000, 0x000000071b100000|100%| E|CS|TAMS 0x000000071b000000, 0x000000071b000000| Complete 
| 227|0x000000071b100000, 0x000000071b200000, 0x000000071b200000|100%| E|CS|TAMS 0x000000071b100000, 0x000000071b100000| Complete 
| 228|0x000000071b200000, 0x000000071b300000, 0x000000071b300000|100%| E|CS|TAMS 0x000000071b200000, 0x000000071b200000| Complete 
| 229|0x000000071b300000, 0x000000071b400000, 0x000000071b400000|100%| E|CS|TAMS 0x000000071b300000, 0x000000071b300000| Complete 
| 230|0x000000071b400000, 0x000000071b500000, 0x000000071b500000|100%| E|CS|TAMS 0x000000071b400000, 0x000000071b400000| Complete 
| 231|0x000000071b500000, 0x000000071b600000, 0x000000071b600000|100%| E|CS|TAMS 0x000000071b500000, 0x000000071b500000| Complete 
| 232|0x000000071b600000, 0x000000071b700000, 0x000000071b700000|100%| E|CS|TAMS 0x000000071b600000, 0x000000071b600000| Complete 
| 233|0x000000071b700000, 0x000000071b800000, 0x000000071b800000|100%| E|CS|TAMS 0x000000071b700000, 0x000000071b700000| Complete 
| 234|0x000000071b800000, 0x000000071b900000, 0x000000071b900000|100%| E|CS|TAMS 0x000000071b800000, 0x000000071b800000| Complete 
| 235|0x000000071b900000, 0x000000071ba00000, 0x000000071ba00000|100%| E|CS|TAMS 0x000000071b900000, 0x000000071b900000| Complete 
| 236|0x000000071ba00000, 0x000000071bb00000, 0x000000071bb00000|100%| E|CS|TAMS 0x000000071ba00000, 0x000000071ba00000| Complete 
| 237|0x000000071bb00000, 0x000000071bc00000, 0x000000071bc00000|100%| E|CS|TAMS 0x000000071bb00000, 0x000000071bb00000| Complete 
| 238|0x000000071bc00000, 0x000000071bd00000, 0x000000071bd00000|100%| E|CS|TAMS 0x000000071bc00000, 0x000000071bc00000| Complete 
| 239|0x000000071bd00000, 0x000000071be00000, 0x000000071be00000|100%| E|CS|TAMS 0x000000071bd00000, 0x000000071bd00000| Complete 
| 240|0x000000071be00000, 0x000000071bf00000, 0x000000071bf00000|100%| E|CS|TAMS 0x000000071be00000, 0x000000071be00000| Complete 
| 241|0x000000071bf00000, 0x000000071c000000, 0x000000071c000000|100%| E|CS|TAMS 0x000000071bf00000, 0x000000071bf00000| Complete 
| 242|0x000000071c000000, 0x000000071c100000, 0x000000071c100000|100%| E|CS|TAMS 0x000000071c000000, 0x000000071c000000| Complete 
| 243|0x000000071c100000, 0x000000071c200000, 0x000000071c200000|100%| E|CS|TAMS 0x000000071c100000, 0x000000071c100000| Complete 

Card table byte_map: [0x000000001acf0000,0x000000001b490000] _byte_map_base: 0x0000000017489000

Marking Bits (Prev, Next): (CMBitMap*) 0x0000000000534aa0, (CMBitMap*) 0x0000000000534a68
 Prev Bits: [0x000000001f900000, 0x00000000235c8000)
 Next Bits: [0x000000001bc30000, 0x000000001f8f8000)

Polling page: 0x0000000000130000

Metaspace:

Usage:
  Non-class:     24.14 MB capacity,    23.81 MB ( 99%) used,   285.48 KB (  1%) free+waste,    55.38 KB ( <1%) overhead. 
      Class:      3.02 MB capacity,     2.84 MB ( 94%) used,   155.88 KB (  5%) free+waste,    24.94 KB ( <1%) overhead. 
       Both:     27.16 MB capacity,    26.65 MB ( 98%) used,   441.35 KB (  2%) free+waste,    80.31 KB ( <1%) overhead. 

Virtual space:
  Non-class space:       26.00 MB reserved,      24.25 MB ( 93%) committed 
      Class space:        1.00 GB reserved,       3.13 MB ( <1%) committed 
             Both:        1.03 GB reserved,      27.38 MB (  3%) committed 

Chunk freelists:
   Non-Class:  47.00 KB
       Class:  15.00 KB
        Both:  62.00 KB

MaxMetaspaceSize: 17179869184.00 GB
CompressedClassSpaceSize: 1.00 GB
Initial GC threshold: 20.80 MB
Current GC threshold: 35.00 MB
CDS: off

CodeHeap 'non-profiled nmethods': size=120064Kb used=977Kb max_used=977Kb free=119086Kb
 bounds [0x00000000129d0000, 0x0000000012c40000, 0x0000000019f10000]
CodeHeap 'profiled nmethods': size=120000Kb used=4306Kb max_used=4306Kb free=115693Kb
 bounds [0x000000000b4a0000, 0x000000000b8e0000, 0x00000000129d0000]
CodeHeap 'non-nmethods': size=5696Kb used=1218Kb max_used=1245Kb free=4477Kb
 bounds [0x000000000af10000, 0x000000000b180000, 0x000000000b4a0000]
 total_blobs=2670 nmethods=2186 adapters=397
 compilation: enabled
              stopped_count=0, restarted_count=0
 full_count=0

Compilation events (20 events):
Event: 29.717 Thread 0x0000000026f72800 2186       4       java.lang.invoke.VarForm::getMemberName (21 bytes)
Event: 29.719 Thread 0x0000000026f72800 nmethod 2186 0x0000000012ac2410 code [0x0000000012ac25a0, 0x0000000012ac2658]
Event: 29.719 Thread 0x0000000026f73000 2187   !   3       sun.nio.ch.SelectorImpl::processDeregisterQueue (181 bytes)
Event: 29.720 Thread 0x0000000026f73000 nmethod 2187 0x000000000b8d1910 code [0x000000000b8d1c00, 0x000000000b8d3048]
Event: 29.771 Thread 0x0000000026f73000 2188       1       org.eclipse.jetty.http.HttpField::getHeader (5 bytes)
Event: 29.771 Thread 0x0000000026f73000 nmethod 2188 0x0000000012ac2710 code [0x0000000012ac28c0, 0x0000000012ac2978]
Event: 29.772 Thread 0x0000000026f72800 2189       4       java.util.regex.Matcher::match (154 bytes)
Event: 29.792 Thread 0x0000000026f72800 nmethod 2189 0x0000000012ac2a10 code [0x0000000012ac2c40, 0x0000000012ac3458]
Event: 29.879 Thread 0x0000000026f72800 2190       4       java.lang.Class::cast (27 bytes)
Event: 29.881 Thread 0x0000000026f72800 nmethod 2190 0x0000000012ac3d10 code [0x0000000012ac3ea0, 0x0000000012ac3f78]
Event: 30.880 Thread 0x0000000026f73000 2191       3       java.util.concurrent.TimeUnit::convert (77 bytes)
Event: 30.881 Thread 0x0000000026f73000 nmethod 2191 0x000000000b8d3710 code [0x000000000b8d3920, 0x000000000b8d3c68]
Event: 33.910 Thread 0x0000000026f72800 2192       4       java.nio.ByteBuffer::limit (8 bytes)
Event: 33.912 Thread 0x0000000026f72800 nmethod 2192 0x0000000012ac4010 code [0x0000000012ac41a0, 0x0000000012ac4278]
Event: 35.660 Thread 0x0000000026f73000 2193       3       com.esotericsoftware.kryonet.Connection::isIdle (40 bytes)
Event: 35.661 Thread 0x0000000026f73000 nmethod 2193 0x000000000b8d3e10 code [0x000000000b8d3fc0, 0x000000000b8d4198]
Event: 35.855 Thread 0x0000000026f73000 2195       3       java.nio.ByteBuffer::arrayOffset (35 bytes)
Event: 35.856 Thread 0x0000000026f73000 nmethod 2195 0x000000000b8d4290 code [0x000000000b8d4460, 0x000000000b8d4738]
Event: 35.856 Thread 0x0000000026f73000 2194       1       org.eclipse.jetty.http.HttpMethod::asString (5 bytes)
Event: 35.856 Thread 0x0000000026f73000 nmethod 2194 0x0000000012ac4390 code [0x0000000012ac4540, 0x0000000012ac45f8]

GC Heap History (6 events):
Event: 2.119 GC heap before
{Heap before GC invocations=0 (full 0):
 garbage-first heap   total 249856K, used 16384K [0x000000070ce00000, 0x0000000800000000)
  region size 1024K, 14 young (14336K), 0 survivors (0K)
 Metaspace       used 11644K, capacity 11826K, committed 12032K, reserved 1060864K
  class space    used 1099K, capacity 1159K, committed 1280K, reserved 1048576K
}
Event: 2.167 GC heap after
{Heap after GC invocations=1 (full 0):
 garbage-first heap   total 249856K, used 6804K [0x000000070ce00000, 0x0000000800000000)
  region size 1024K, 2 young (2048K), 2 survivors (2048K)
 Metaspace       used 11644K, capacity 11826K, committed 12032K, reserved 1060864K
  class space    used 1099K, capacity 1159K, committed 1280K, reserved 1048576K
}
Event: 27.458 GC heap before
{Heap before GC invocations=1 (full 0):
 garbage-first heap   total 249856K, used 33428K [0x000000070ce00000, 0x0000000800000000)
  region size 1024K, 29 young (29696K), 2 survivors (2048K)
 Metaspace       used 20893K, capacity 21205K, committed 21248K, reserved 1069056K
  class space    used 2171K, capacity 2294K, committed 2304K, reserved 1048576K
}
Event: 27.473 GC heap after
{Heap after GC invocations=2 (full 0):
 garbage-first heap   total 249856K, used 9708K [0x000000070ce00000, 0x0000000800000000)
  region size 1024K, 5 young (5120K), 5 survivors (5120K)
 Metaspace       used 20893K, capacity 21205K, committed 21248K, reserved 1069056K
  class space    used 2171K, capacity 2294K, committed 2304K, reserved 1048576K
}
Event: 28.516 GC heap before
{Heap before GC invocations=3 (full 0):
 garbage-first heap   total 249856K, used 41452K [0x000000070ce00000, 0x0000000800000000)
  region size 1024K, 33 young (33792K), 5 survivors (5120K)
 Metaspace       used 25466K, capacity 25886K, committed 25984K, reserved 1073152K
  class space    used 2695K, capacity 2877K, committed 2944K, reserved 1048576K
}
Event: 28.552 GC heap after
{Heap after GC invocations=4 (full 0):
 garbage-first heap   total 249856K, used 20940K [0x000000070ce00000, 0x0000000800000000)
  region size 1024K, 5 young (5120K), 5 survivors (5120K)
 Metaspace       used 25466K, capacity 25886K, committed 25984K, reserved 1073152K
  class space    used 2695K, capacity 2877K, committed 2944K, reserved 1048576K
}

Deoptimization events (20 events):
Event: 29.713 Thread 0x0000000029162800 Uncommon trap: trap_request=0xffffffde fr.pc=0x0000000012aaa48c relative=0x00000000000003ec
Event: 29.713 Thread 0x0000000029162800 Uncommon trap: reason=class_check action=maybe_recompile pc=0x0000000012aaa48c method=java.util.regex.Matcher.match(II)Z @ 121 c2
Event: 29.713 Thread 0x0000000029162800 DEOPT PACKING pc=0x0000000012aaa48c sp=0x000000002abed710
Event: 29.713 Thread 0x0000000029162800 DEOPT UNPACKING pc=0x000000000af5a1af sp=0x000000002abed6b8 mode 2
Event: 29.713 Thread 0x0000000029162800 Uncommon trap: trap_request=0xffffffde fr.pc=0x0000000012aaa48c relative=0x00000000000003ec
Event: 29.713 Thread 0x0000000029162800 Uncommon trap: reason=class_check action=maybe_recompile pc=0x0000000012aaa48c method=java.util.regex.Matcher.match(II)Z @ 121 c2
Event: 29.713 Thread 0x0000000029162800 DEOPT PACKING pc=0x0000000012aaa48c sp=0x000000002abed710
Event: 29.713 Thread 0x0000000029162800 DEOPT UNPACKING pc=0x000000000af5a1af sp=0x000000002abed6b8 mode 2
Event: 29.717 Thread 0x0000000029162800 Uncommon trap: trap_request=0xffffffde fr.pc=0x0000000012a4b924 relative=0x0000000000000264
Event: 29.717 Thread 0x0000000029162800 Uncommon trap: reason=class_check action=maybe_recompile pc=0x0000000012a4b924 method=java.nio.DirectByteBuffer.<init>(Lsun/nio/ch/DirectBuffer;IIIII)V @ 12 c2
Event: 29.717 Thread 0x0000000029162800 DEOPT PACKING pc=0x0000000012a4b924 sp=0x000000002abee450
Event: 29.717 Thread 0x0000000029162800 DEOPT UNPACKING pc=0x000000000af5a1af sp=0x000000002abee448 mode 2
Event: 29.773 Thread 0x0000000028e00000 Uncommon trap: trap_request=0xffffffde fr.pc=0x0000000012a4b924 relative=0x0000000000000264
Event: 29.773 Thread 0x0000000028e00000 Uncommon trap: reason=class_check action=maybe_recompile pc=0x0000000012a4b924 method=java.nio.DirectByteBuffer.<init>(Lsun/nio/ch/DirectBuffer;IIIII)V @ 12 c2
Event: 29.773 Thread 0x0000000028e00000 DEOPT PACKING pc=0x0000000012a4b924 sp=0x000000002aa8e890
Event: 29.773 Thread 0x0000000028e00000 DEOPT UNPACKING pc=0x000000000af5a1af sp=0x000000002aa8e888 mode 2
Event: 35.851 Thread 0x0000000028e00000 Uncommon trap: trap_request=0xffffff4d fr.pc=0x0000000012ac2fb0 relative=0x0000000000000370
Event: 35.851 Thread 0x0000000028e00000 Uncommon trap: reason=unstable_if action=reinterpret pc=0x0000000012ac2fb0 method=java.util.regex.Matcher.match(II)Z @ 126 c2
Event: 35.851 Thread 0x0000000028e00000 DEOPT PACKING pc=0x0000000012ac2fb0 sp=0x000000002aa8da20
Event: 35.851 Thread 0x0000000028e00000 DEOPT UNPACKING pc=0x000000000af5a1af sp=0x000000002aa8d9e0 mode 2

Classes redefined (0 events):
No events

Internal exceptions (20 events):
Event: 28.023 Thread 0x0000000029165000 Exception <a 'java/lang/NoSuchMethodError'{0x000000071bb0e4c0}: 'java.lang.Object java.lang.invoke.DirectMethodHandle$Holder.invokeStatic(java.lang.Object, int, java.lang.Object)'> (0x000000071bb0e4c0) thrown at [./src/hotspot/share/interpreter/linkResolver.cpp, line 773]
Event: 28.118 Thread 0x0000000029165000 Implicit null exception at 0x0000000012a5dd2c to 0x0000000012a5de62
Event: 28.559 Thread 0x0000000029165000 Exception <a 'java/lang/NoSuchMethodError'{0x000000071c109d20}: 'void java.lang.invoke.DirectMethodHandle$Holder.invokeSpecial(java.lang.Object, java.lang.Object, java.lang.Object, java.lang.Object, java.lang.Object)'> (0x000000071c109d20) thrown at [./src/hotspot/share/interpreter/linkResolver.cpp, line 773]
Event: 28.714 Thread 0x0000000029165000 Implicit null exception at 0x0000000012a876b1 to 0x0000000012a8acc8
Event: 28.757 Thread 0x0000000029165000 Exception <a 'java/lang/NoSuchMethodError'{0x000000071bb2ae90}: 'int java.lang.invoke.DirectMethodHandle$Holder.invokeSpecial(java.lang.Object, java.lang.Object, java.lang.Object, java.lang.Object, java.lang.Object)'> (0x000000071bb2ae90) thrown at [./src/hotspot/share/interpreter/linkResolver.cpp, line 773]
Event: 28.820 Thread 0x0000000029165000 Exception <a 'sun/nio/fs/WindowsException'{0x000000071b837e48}> (0x000000071b837e48) thrown at [./src/hotspot/share/prims/jni.cpp, line 615]
Event: 28.820 Thread 0x0000000029165000 Exception <a 'sun/nio/fs/WindowsException'{0x000000071b8381a8}> (0x000000071b8381a8) thrown at [./src/hotspot/share/prims/jni.cpp, line 615]
Event: 28.821 Thread 0x0000000029165000 Exception <a 'sun/nio/fs/WindowsException'{0x000000071b839900}> (0x000000071b839900) thrown at [./src/hotspot/share/prims/jni.cpp, line 615]
Event: 28.822 Thread 0x0000000029165000 Exception <a 'sun/nio/fs/WindowsException'{0x000000071b839c20}> (0x000000071b839c20) thrown at [./src/hotspot/share/prims/jni.cpp, line 615]
Event: 28.826 Thread 0x0000000029165000 Exception <a 'sun/nio/fs/WindowsException'{0x000000071b843f10}> (0x000000071b843f10) thrown at [./src/hotspot/share/prims/jni.cpp, line 615]
Event: 28.826 Thread 0x0000000029165000 Exception <a 'sun/nio/fs/WindowsException'{0x000000071b844210}> (0x000000071b844210) thrown at [./src/hotspot/share/prims/jni.cpp, line 615]
Event: 28.877 Thread 0x0000000029165000 Exception <a 'sun/nio/fs/WindowsException'{0x000000071b717b20}> (0x000000071b717b20) thrown at [./src/hotspot/share/prims/jni.cpp, line 615]
Event: 28.878 Thread 0x0000000029165000 Exception <a 'sun/nio/fs/WindowsException'{0x000000071b717e60}> (0x000000071b717e60) thrown at [./src/hotspot/share/prims/jni.cpp, line 615]
Event: 28.906 Thread 0x0000000029165000 Exception <a 'sun/nio/fs/WindowsException'{0x000000071b725b00}> (0x000000071b725b00) thrown at [./src/hotspot/share/prims/jni.cpp, line 615]
Event: 28.909 Thread 0x0000000029165000 Exception <a 'sun/nio/fs/WindowsException'{0x000000071b729b08}> (0x000000071b729b08) thrown at [./src/hotspot/share/prims/jni.cpp, line 615]
Event: 28.911 Thread 0x0000000029165000 Exception <a 'sun/nio/fs/WindowsException'{0x000000071b72e0b0}> (0x000000071b72e0b0) thrown at [./src/hotspot/share/prims/jni.cpp, line 615]
Event: 28.914 Thread 0x0000000029165000 Exception <a 'sun/nio/fs/WindowsException'{0x000000071b732f50}> (0x000000071b732f50) thrown at [./src/hotspot/share/prims/jni.cpp, line 615]
Event: 28.929 Thread 0x0000000029165000 Exception <a 'sun/nio/fs/WindowsException'{0x000000071b73ce00}> (0x000000071b73ce00) thrown at [./src/hotspot/share/prims/jni.cpp, line 615]
Event: 28.929 Thread 0x0000000029165000 Exception <a 'sun/nio/fs/WindowsException'{0x000000071b73d118}> (0x000000071b73d118) thrown at [./src/hotspot/share/prims/jni.cpp, line 615]
Event: 29.311 Thread 0x0000000029165000 Exception <a 'sun/nio/fs/WindowsException'{0x000000071ac684a8}> (0x000000071ac684a8) thrown at [./src/hotspot/share/prims/jni.cpp, line 615]

Events (20 events):
Event: 35.854 Executing VM operation: RevokeBias
Event: 35.855 Executing VM operation: RevokeBias done
Event: 35.858 loading class org/bson/Document
Event: 35.858 loading class org/bson/Document done
Event: 35.934 loading class org/bson/conversions/Bson
Event: 35.934 loading class org/bson/conversions/Bson done
Event: 35.938 loading class org/bson/codecs/Decoder
Event: 35.938 loading class org/bson/codecs/Decoder done
Event: 35.952 loading class org/bson/BsonReader
Event: 35.952 loading class org/bson/BsonReader done
Event: 35.952 loading class org/bson/codecs/Encoder
Event: 35.952 loading class org/bson/codecs/Encoder done
Event: 35.973 loading class org/bson/BsonWriter
Event: 35.973 loading class org/bson/BsonWriter done
Event: 35.973 loading class org/bson/BsonDocument
Event: 35.973 loading class org/bson/BsonDocument done
Event: 35.975 loading class org/bson/BsonValue
Event: 35.975 loading class org/bson/BsonValue done
Event: 35.975 loading class org/bson/BsonDocumentWrapper
Event: 35.975 loading class org/bson/BsonDocumentWrapper done


Dynamic libraries:
0x000000013fb10000 - 0x000000013fb1d000 	C:\Users\MorrisBrandt\.jdks\temurin-11.0.12\bin\java.exe
0x00000000779b0000 - 0x0000000077b4f000 	C:\Windows\SYSTEM32\ntdll.dll
0x0000000077890000 - 0x00000000779af000 	C:\Windows\system32\kernel32.dll
0x000007fefd6c0000 - 0x000007fefd727000 	C:\Windows\system32\KERNELBASE.dll
0x000007fefc050000 - 0x000007fefc067000 	C:\Users\MorrisBrandt\.jdks\temurin-11.0.12\bin\jli.dll
0x000007fefc080000 - 0x000007fefc275000 	C:\Windows\WinSxS\amd64_microsoft.windows.common-controls_6595b64144ccf1df_6.0.7601.24483_none_e372d88f30fbb845\COMCTL32.dll
0x000007fefd8c0000 - 0x000007fefd95f000 	C:\Windows\system32\msvcrt.dll
0x000007feff860000 - 0x000007feff8c7000 	C:\Windows\system32\GDI32.dll
0x0000000077790000 - 0x000000007788a000 	C:\Windows\system32\USER32.dll
0x000007feff850000 - 0x000007feff85e000 	C:\Windows\system32\LPK.dll
0x000007feff920000 - 0x000007feff9eb000 	C:\Windows\system32\USP10.dll
0x000007fefe250000 - 0x000007fefe2c1000 	C:\Windows\system32\SHLWAPI.dll
0x000007fef4470000 - 0x000007fef4485000 	C:\Users\MorrisBrandt\.jdks\temurin-11.0.12\bin\VCRUNTIME140.dll
0x000007fefb6d0000 - 0x000007fefb6d4000 	C:\Users\MorrisBrandt\.jdks\temurin-11.0.12\bin\api-ms-win-crt-runtime-l1-1-0.dll
0x000007fed0e20000 - 0x000007fed0f1a000 	C:\Users\MorrisBrandt\.jdks\temurin-11.0.12\bin\ucrtbase.DLL
0x000007fefb360000 - 0x000007fefb363000 	C:\Users\MorrisBrandt\.jdks\temurin-11.0.12\bin\api-ms-win-core-localization-l1-2-0.dll
0x000007fef3a40000 - 0x000007fef3a43000 	C:\Users\MorrisBrandt\.jdks\temurin-11.0.12\bin\api-ms-win-core-processthreads-l1-1-1.dll
0x000007fef4410000 - 0x000007fef4413000 	C:\Users\MorrisBrandt\.jdks\temurin-11.0.12\bin\api-ms-win-core-file-l1-2-0.dll
0x000007fef3a20000 - 0x000007fef3a23000 	C:\Users\MorrisBrandt\.jdks\temurin-11.0.12\bin\api-ms-win-core-timezone-l1-1-0.dll
0x000007fef3a30000 - 0x000007fef3a33000 	C:\Users\MorrisBrandt\.jdks\temurin-11.0.12\bin\api-ms-win-core-file-l2-1-0.dll
0x000007fef39b0000 - 0x000007fef39b3000 	C:\Users\MorrisBrandt\.jdks\temurin-11.0.12\bin\api-ms-win-core-synch-l1-2-0.dll
0x000007fef39a0000 - 0x000007fef39a3000 	C:\Users\MorrisBrandt\.jdks\temurin-11.0.12\bin\api-ms-win-crt-heap-l1-1-0.dll
0x000007fef3990000 - 0x000007fef3994000 	C:\Users\MorrisBrandt\.jdks\temurin-11.0.12\bin\api-ms-win-crt-string-l1-1-0.dll
0x000007fef3980000 - 0x000007fef3984000 	C:\Users\MorrisBrandt\.jdks\temurin-11.0.12\bin\api-ms-win-crt-stdio-l1-1-0.dll
0x000007fef3970000 - 0x000007fef3974000 	C:\Users\MorrisBrandt\.jdks\temurin-11.0.12\bin\api-ms-win-crt-convert-l1-1-0.dll
0x000007fef3960000 - 0x000007fef3963000 	C:\Users\MorrisBrandt\.jdks\temurin-11.0.12\bin\api-ms-win-crt-environment-l1-1-0.dll
0x000007fef3950000 - 0x000007fef3953000 	C:\Users\MorrisBrandt\.jdks\temurin-11.0.12\bin\api-ms-win-crt-filesystem-l1-1-0.dll
0x000007fef3900000 - 0x000007fef3905000 	C:\Users\MorrisBrandt\.jdks\temurin-11.0.12\bin\api-ms-win-crt-math-l1-1-0.dll
0x000007fee7700000 - 0x000007fee7703000 	C:\Users\MorrisBrandt\.jdks\temurin-11.0.12\bin\api-ms-win-crt-locale-l1-1-0.dll
0x000007fefe2d0000 - 0x000007fefe2fe000 	C:\Windows\system32\IMM32.DLL
0x000007fefdb60000 - 0x000007fefdc6b000 	C:\Windows\system32\MSCTF.dll
0x000007fee0730000 - 0x000007fee07cb000 	C:\Users\MorrisBrandt\.jdks\temurin-11.0.12\bin\msvcp140.dll
0x000007fee76f0000 - 0x000007fee76f3000 	C:\Users\MorrisBrandt\.jdks\temurin-11.0.12\bin\api-ms-win-crt-time-l1-1-0.dll
0x000007fee76e0000 - 0x000007fee76e3000 	C:\Users\MorrisBrandt\.jdks\temurin-11.0.12\bin\api-ms-win-crt-utility-l1-1-0.dll
0x000007fecea30000 - 0x000007fecf589000 	C:\Users\MorrisBrandt\.jdks\temurin-11.0.12\bin\server\jvm.dll
0x000007fefda00000 - 0x000007fefdadb000 	C:\Windows\system32\ADVAPI32.dll
0x000007feff0b0000 - 0x000007feff0cf000 	C:\Windows\SYSTEM32\sechost.dll
0x000007feff9f0000 - 0x000007feffb1c000 	C:\Windows\system32\RPCRT4.dll
0x000007fef2890000 - 0x000007fef2899000 	C:\Windows\system32\WSOCK32.dll
0x000007feff8d0000 - 0x000007feff91d000 	C:\Windows\system32\WS2_32.dll
0x000007fefdc70000 - 0x000007fefdc78000 	C:\Windows\system32\NSI.dll
0x000007fef8430000 - 0x000007fef846b000 	C:\Windows\system32\WINMM.dll
0x000007fefc590000 - 0x000007fefc59c000 	C:\Windows\system32\VERSION.dll
0x0000000077b60000 - 0x0000000077b67000 	C:\Windows\system32\PSAPI.DLL
0x000007fee76d0000 - 0x000007fee76e0000 	C:\Users\MorrisBrandt\.jdks\temurin-11.0.12\bin\verify.dll
0x000007fef53a0000 - 0x000007fef54c5000 	C:\Windows\system32\DBGHELP.DLL
0x000007fee2cd0000 - 0x000007fee2cf8000 	C:\Users\MorrisBrandt\.jdks\temurin-11.0.12\bin\java.dll
0x000007fee5f30000 - 0x000007fee5f3a000 	C:\Users\MorrisBrandt\.jdks\temurin-11.0.12\bin\jimage.dll
0x000007fee5ed0000 - 0x000007fee5ede000 	C:\Users\MorrisBrandt\.jdks\temurin-11.0.12\bin\instrument.dll
0x000007fee26d0000 - 0x000007fee26e7000 	C:\Users\MorrisBrandt\.jdks\temurin-11.0.12\bin\zip.dll
0x000007fefe320000 - 0x000007feff0ab000 	C:\Windows\system32\SHELL32.dll
0x000007fefde10000 - 0x000007fefe00f000 	C:\Windows\system32\ole32.dll
0x000007fefd510000 - 0x000007fefd51f000 	C:\Windows\system32\profapi.dll
0x000007fee26b0000 - 0x000007fee26c9000 	C:\Users\MorrisBrandt\.jdks\temurin-11.0.12\bin\net.dll
0x000007fefa2e0000 - 0x000007fefa351000 	C:\Windows\system32\WINHTTP.dll
0x000007fefa220000 - 0x000007fefa285000 	C:\Windows\system32\webio.dll
0x000007fefcc80000 - 0x000007fefccd5000 	C:\Windows\system32\mswsock.dll
0x000007fefcc70000 - 0x000007fefcc77000 	C:\Windows\System32\wship6.dll
0x000007fee2690000 - 0x000007fee26a2000 	C:\Users\MorrisBrandt\.jdks\temurin-11.0.12\bin\nio.dll
0x000007fee2670000 - 0x000007fee268a000 	C:\Program Files\JetBrains\IntelliJ IDEA Community Edition 2021.2\bin\breakgen64.dll
0x000007fefcce0000 - 0x000007fefccf8000 	C:\Windows\system32\CRYPTSP.dll
0x000007fefc9e0000 - 0x000007fefca27000 	C:\Windows\system32\rsaenh.dll
0x000007fefd620000 - 0x000007fefd63f000 	C:\Windows\system32\USERENV.dll
0x000007fefd3a0000 - 0x000007fefd3af000 	C:\Windows\system32\CRYPTBASE.dll
0x000007fefae40000 - 0x000007fefae67000 	C:\Windows\system32\IPHLPAPI.DLL
0x000007fefae30000 - 0x000007fefae3b000 	C:\Windows\system32\WINNSI.DLL
0x000007fefad60000 - 0x000007fefad71000 	C:\Windows\system32\dhcpcsvc6.DLL
0x000007fefad10000 - 0x000007fefad28000 	C:\Windows\system32\dhcpcsvc.DLL
0x000007fee5ee0000 - 0x000007fee5ee9000 	C:\Users\MorrisBrandt\.jdks\temurin-11.0.12\bin\management.dll
0x000007fee5960000 - 0x000007fee596b000 	C:\Users\MorrisBrandt\.jdks\temurin-11.0.12\bin\management_ext.dll

dbghelp: loaded successfully - version: 4.0.5 - missing functions: none
symbol engine: initialized successfully - sym options: 0x614 - pdb path: .;C:\Users\MorrisBrandt\.jdks\temurin-11.0.12\bin;C:\Windows\SYSTEM32;C:\Windows\WinSxS\amd64_microsoft.windows.common-controls_6595b64144ccf1df_6.0.7601.24483_none_e372d88f30fbb845;C:\Users\MorrisBrandt\.jdks\temurin-11.0.12\bin\server;C:\Program Files\JetBrains\IntelliJ IDEA Community Edition 2021.2\bin

VM Arguments:
jvm_args: -javaagent:C:\Program Files\JetBrains\IntelliJ IDEA Community Edition 2021.2\lib\idea_rt.jar=4010:C:\Program Files\JetBrains\IntelliJ IDEA Community Edition 2021.2\bin -Dfile.encoding=UTF-8 
java_command: de.morrisbr.witzlecraft.main.Main
java_class_path (initial): C:\Users\MorrisBrandt\Documents\Programieren\Witzlecraft-Web\target\classes;C:\Users\MorrisBrandt\Desktop\Test - Server\plugins\MasterEco-0.0.1-SNAPSHOT-shaded.jar;C:\Users\MorrisBrandt\.m2\repository\io\javalin\javalin\3.13.10\javalin-3.13.10.jar;C:\Users\MorrisBrandt\.m2\repository\org\eclipse\jetty\jetty-server\9.4.43.v20210629\jetty-server-9.4.43.v20210629.jar;C:\Users\MorrisBrandt\.m2\repository\javax\servlet\javax.servlet-api\3.1.0\javax.servlet-api-3.1.0.jar;C:\Users\MorrisBrandt\.m2\repository\org\eclipse\jetty\jetty-http\9.4.43.v20210629\jetty-http-9.4.43.v20210629.jar;C:\Users\MorrisBrandt\.m2\repository\org\eclipse\jetty\jetty-util\9.4.43.v20210629\jetty-util-9.4.43.v20210629.jar;C:\Users\MorrisBrandt\.m2\repository\org\eclipse\jetty\jetty-io\9.4.43.v20210629\jetty-io-9.4.43.v20210629.jar;C:\Users\MorrisBrandt\.m2\repository\org\eclipse\jetty\jetty-webapp\9.4.43.v20210629\jetty-webapp-9.4.43.v20210629.jar;C:\Users\MorrisBrandt\.m2\repository\org\eclipse\jetty\jetty-xml\9.4.43.v20210629\jetty-xml-9.4.43.v20210629.jar;C:\Users\MorrisBrandt\.m2\repository\org\eclipse\jetty\jetty-servlet\9.4.43.v20210629\jetty-servlet-9.4.43.v20210629.jar;C:\Users\MorrisBrandt\.m2\repository\org\eclipse\jetty\jetty-security\9.4.43.v20210629\jetty-security-9.4.43.v20210629.jar;C:\Users\MorrisBrandt\.m2\repository\org\eclipse\jetty\jetty-util-ajax\9.4.43.v20210629\jetty-util-ajax-9.4.43.v20210629.jar;C:\Users\MorrisBrandt\.m2\repository\org\eclipse\jetty\websocket\websocket-server\9.4.43.v20210629\websocket-server-9.4.43.v20210629.jar;C:\Users\MorrisBrandt\.m2\repository\org\eclipse\jetty\websocket\websocket-common\9.4.43.v20210629\websocket-common-9.4.43.v20210629.jar;C:\Users\MorrisBrandt\.m2\repository\org\eclipse\jetty\websocket\websocket-api\9.4.43.v20210629\websocket-api-9.4.43.v20210629.jar;C:\Users\MorrisBrandt\.m2\repository\org\eclipse\jetty\websocket\websocket-client\9.4.43.v20210629\websocket-client-9.4.43.v20210629.jar;C:\Users\MorrisBr
Launcher Type: SUN_STANDARD

[Global flags]
     intx CICompilerCount                          = 3                                         {product} {ergonomic}
     uint ConcGCThreads                            = 1                                         {product} {ergonomic}
     uint G1ConcRefinementThreads                  = 4                                         {product} {ergonomic}
   size_t G1HeapRegionSize                         = 1048576                                   {product} {ergonomic}
    uintx GCDrainStackTargetSize                   = 64                                        {product} {ergonomic}
   size_t InitialHeapSize                          = 255852544                                 {product} {ergonomic}
   size_t MarkStackSize                            = 4194304                                   {product} {ergonomic}
   size_t MaxHeapSize                              = 4078960640                                {product} {ergonomic}
   size_t MaxNewSize                               = 2447376384                                {product} {ergonomic}
   size_t MinHeapDeltaBytes                        = 1048576                                   {product} {ergonomic}
    uintx NonNMethodCodeHeapSize                   = 5830732                                {pd product} {ergonomic}
    uintx NonProfiledCodeHeapSize                  = 122913754                              {pd product} {ergonomic}
    uintx ProfiledCodeHeapSize                     = 122913754                              {pd product} {ergonomic}
    uintx ReservedCodeCacheSize                    = 251658240                              {pd product} {ergonomic}
     bool SegmentedCodeCache                       = true                                      {product} {ergonomic}
     bool UseCompressedClassPointers               = true                                 {lp64_product} {ergonomic}
     bool UseCompressedOops                        = true                                 {lp64_product} {ergonomic}
     bool UseG1GC                                  = true                                      {product} {ergonomic}
     bool UseLargePagesIndividualAllocation        = false                                  {pd product} {ergonomic}

Logging:
Log output configuration:
 #0: stdout all=warning uptime,level,tags
 #1: stderr all=off uptime,level,tags

Environment Variables:
PATH=C:\Program Files\Eclipse Foundation\jdk-8.0.302.8-hotspot\bin;C:\Program Files\Eclipse Foundation\jdk-16.0.2.7-hotspot\bin;C:\Program Files (x86)\Common Files\Oracle\Java\javapath;C:\Windows\system32;C:\Windows;C:\Windows\System32\Wbem;C:\Windows\System32\WindowsPowerShell\v1.0\;C:\Program Files\dotnet\;C:\Program Files\PuTTY\;C:\Users\MorrisBrandt\Desktop\weebp-0.6.1-windows-x64\;C:\Users\MorrisBrandt\AppData\Local\Programs\Microsoft VS Code\bin;C:\Users\MorrisBrandt\.dotnet\tools;C:\Users\MorrisBrandt\AppData\Local\atom\bin
USERNAME=MorrisBrandt
OS=Windows_NT
PROCESSOR_IDENTIFIER=AMD64 Family 21 Model 19 Stepping 1, AuthenticAMD



---------------  S Y S T E M  ---------------

OS: Windows 7 , 64 bit Build 7601 (6.1.7601.24545)
OS uptime: 0 days 5:14 hours

CPU:total 4 (initial active 4) (4 cores per cpu, 1 threads per core) family 21 model 19 stepping 1 microcode 0x0, cmov, cx8, fxsr, mmx, sse, sse2, sse3, ssse3, sse4.1, sse4.2, popcnt, avx, aes, clmul, mmxext, 3dnowpref, lzcnt, sse4a, tsc, tscinvbit, tscinv, bmi1, fma

Memory: 4k page, system-wide physical 15557M (1386M free)
TotalPageFile size 31112M (AvailPageFile size 13335M)
current process WorkingSet (physical memory assigned to process): 141M, peak: 157M
current process commit charge ("private bytes"): 372M, peak: 387M

vm_info: OpenJDK 64-Bit Server VM (11.0.12+7) for windows-amd64 JRE (11.0.12+7), built on Jul 21 2021 16:23:49 by "" with unknown MS VC++:1916

END.
